2025-12-10 09:31:51,208 - tournament_runner - INFO - Starting poker tournament...
2025-12-10 09:31:51,209 - bot_manager - INFO - Successfully loaded bot: aggressive_bot
2025-12-10 09:31:51,210 - bot_manager - INFO - Successfully loaded bot: conservative_bot
2025-12-10 09:31:51,211 - bot_manager - INFO - Successfully loaded bot: random_bot
2025-12-10 09:31:51,211 - bot_manager - INFO - Loaded 3 bots successfully
2025-12-10 09:31:51,211 - tournament_runner - INFO - Loaded 3 bots: ['aggressive_bot', 'conservative_bot', 'random_bot']
2025-12-10 09:31:51,211 - tournament - INFO - Tournament setup with 1 tables
2025-12-10 09:31:51,211 - tournament - INFO - Table 1: ['aggressive_bot', 'conservative_bot', 'random_bot']
2025-12-10 09:31:51,211 - tournament_runner - INFO - Starting hand #1 on table 1
2025-12-10 09:31:51,211 - engine.poker_game - INFO - conservative_bot posts small blind: 10
2025-12-10 09:31:51,211 - engine.poker_game - INFO - random_bot posts big blind: 20
2025-12-10 09:31:51,211 - engine.poker_game - INFO - 
==============================
--- NEW HAND ---
2025-12-10 09:31:51,212 - engine.poker_game - INFO - Dealer: aggressive_bot
2025-12-10 09:31:51,212 - engine.poker_game - INFO - aggressive_bot has PlayerHand(cards=[9♦, 8♣]) (chips: 1000)
2025-12-10 09:31:51,212 - engine.poker_game - INFO - conservative_bot has PlayerHand(cards=[5♠, 7♥]) (chips: 990)
2025-12-10 09:31:51,212 - engine.poker_game - INFO - random_bot has PlayerHand(cards=[J♥, 4♣]) (chips: 980)
2025-12-10 09:31:51,212 - engine.poker_game - INFO - 
--- PRE-FLOP BETTING ---
2025-12-10 09:31:51,212 - engine.poker_game - INFO -   aggressive_bot raises to 80
2025-12-10 09:31:51,212 - engine.poker_game - INFO -   conservative_bot folds
2025-12-10 09:31:51,212 - engine.poker_game - INFO -   random_bot goes all-in for 980
2025-12-10 09:31:51,212 - engine.poker_game - INFO -   aggressive_bot calls 920
2025-12-10 09:31:51,212 - engine.poker_game - INFO - Community Cards: []
2025-12-10 09:31:51,212 - engine.poker_game - INFO - Pot: 2010
2025-12-10 09:31:51,212 - engine.poker_game - INFO - --------------------
2025-12-10 09:31:51,212 - engine.poker_game - INFO - FLOP: [3♦, 4♠, 2♦]
2025-12-10 09:31:51,212 - engine.poker_game - INFO - 
--- FLOP BETTING ---
2025-12-10 09:31:51,213 - engine.poker_game - INFO - Community Cards: [3♦, 4♠, 2♦]
2025-12-10 09:31:51,213 - engine.poker_game - INFO - Pot: 2010
2025-12-10 09:31:51,213 - engine.poker_game - INFO - --------------------
2025-12-10 09:31:51,213 - engine.poker_game - INFO - TURN: 3♥
2025-12-10 09:31:51,213 - engine.poker_game - INFO - 
--- TURN BETTING ---
2025-12-10 09:31:51,213 - engine.poker_game - INFO - Community Cards: [3♦, 4♠, 2♦, 3♥]
2025-12-10 09:31:51,213 - engine.poker_game - INFO - Pot: 2010
2025-12-10 09:31:51,213 - engine.poker_game - INFO - --------------------
2025-12-10 09:31:51,213 - engine.poker_game - INFO - RIVER: 6♣
2025-12-10 09:31:51,213 - engine.poker_game - INFO - 
--- RIVER BETTING ---
2025-12-10 09:31:51,213 - engine.poker_game - INFO - Community Cards: [3♦, 4♠, 2♦, 3♥, 6♣]
2025-12-10 09:31:51,213 - engine.poker_game - INFO - Pot: 2010
2025-12-10 09:31:51,213 - engine.poker_game - INFO - --------------------
2025-12-10 09:31:51,213 - engine.poker_game - INFO - 
--- SHOWDOWN ---
2025-12-10 09:31:51,214 - engine.poker_game - INFO -   aggressive_bot: Hand: [9♦, 8♣] -> pair [9♦, 8♣, 3♦, 3♥, 6♣]
2025-12-10 09:31:51,214 - engine.poker_game - INFO -   random_bot: Hand: [J♥, 4♣] -> two_pair [J♥, 4♣, 3♦, 4♠, 3♥]
2025-12-10 09:31:51,214 - engine.poker_game - INFO - WINNERS: random_bot
2025-12-10 09:31:51,214 - engine.poker_game - INFO - random_bot wins 1960 from side/main pot
2025-12-10 09:31:51,214 - engine.poker_game - INFO - aggressive_bot wins 20 from side/main pot
2025-12-10 09:31:51,215 - engine.poker_game - WARNING - Pot logic residual: 30
2025-12-10 09:31:51,215 - tournament_runner - INFO - Hand #1 complete on table 1
2025-12-10 09:31:51,215 - tournament_runner - INFO - Starting hand #2 on table 1
2025-12-10 09:31:51,215 - engine.poker_game - INFO - random_bot posts small blind: 10
2025-12-10 09:31:51,215 - engine.poker_game - INFO - aggressive_bot posts big blind: 20
2025-12-10 09:31:51,215 - engine.poker_game - INFO - 
==============================
--- NEW HAND ---
2025-12-10 09:31:51,215 - engine.poker_game - INFO - Dealer: conservative_bot
2025-12-10 09:31:51,215 - engine.poker_game - INFO - aggressive_bot has PlayerHand(cards=[8♥, 5♥]) (chips: 0)
2025-12-10 09:31:51,215 - engine.poker_game - INFO - conservative_bot has PlayerHand(cards=[4♥, 5♠]) (chips: 990)
2025-12-10 09:31:51,215 - engine.poker_game - INFO - random_bot has PlayerHand(cards=[7♠, J♥]) (chips: 1980)
2025-12-10 09:31:51,216 - engine.poker_game - INFO - 
--- PRE-FLOP BETTING ---
2025-12-10 09:31:51,216 - engine.poker_game - INFO -   conservative_bot folds
2025-12-10 09:31:51,216 - engine.poker_game - INFO -   random_bot calls 10
2025-12-10 09:31:51,216 - engine.poker_game - INFO - Community Cards: []
2025-12-10 09:31:51,216 - engine.poker_game - INFO - Pot: 40
2025-12-10 09:31:51,216 - engine.poker_game - INFO - --------------------
2025-12-10 09:31:51,216 - engine.poker_game - INFO - FLOP: [Q♠, 8♦, 3♠]
2025-12-10 09:31:51,216 - engine.poker_game - INFO - 
--- FLOP BETTING ---
2025-12-10 09:31:51,216 - engine.poker_game - INFO -   random_bot goes all-in for 1970
2025-12-10 09:31:51,216 - engine.poker_game - INFO - Community Cards: [Q♠, 8♦, 3♠]
2025-12-10 09:31:51,216 - engine.poker_game - INFO - Pot: 2010
2025-12-10 09:31:51,216 - engine.poker_game - INFO - --------------------
2025-12-10 09:31:51,217 - engine.poker_game - INFO - TURN: 10♠
2025-12-10 09:31:51,217 - engine.poker_game - INFO - 
--- TURN BETTING ---
2025-12-10 09:31:51,217 - engine.poker_game - INFO - Community Cards: [Q♠, 8♦, 3♠, 10♠]
2025-12-10 09:31:51,217 - engine.poker_game - INFO - Pot: 2010
2025-12-10 09:31:51,217 - engine.poker_game - INFO - --------------------
2025-12-10 09:31:51,217 - engine.poker_game - INFO - RIVER: Q♥
2025-12-10 09:31:51,217 - engine.poker_game - INFO - 
--- RIVER BETTING ---
2025-12-10 09:31:51,217 - engine.poker_game - INFO - Community Cards: [Q♠, 8♦, 3♠, 10♠, Q♥]
2025-12-10 09:31:51,217 - engine.poker_game - INFO - Pot: 2010
2025-12-10 09:31:51,217 - engine.poker_game - INFO - --------------------
2025-12-10 09:31:51,217 - engine.poker_game - INFO - 
--- SHOWDOWN ---
2025-12-10 09:31:51,217 - engine.poker_game - INFO -   aggressive_bot: Hand: [8♥, 5♥] -> two_pair [8♥, Q♠, 8♦, 10♠, Q♥]
2025-12-10 09:31:51,217 - engine.poker_game - INFO -   random_bot: Hand: [7♠, J♥] -> pair [J♥, Q♠, 8♦, 10♠, Q♥]
2025-12-10 09:31:51,218 - engine.poker_game - INFO - WINNERS: aggressive_bot
2025-12-10 09:31:51,218 - engine.poker_game - INFO - random_bot wins 1980 from side/main pot
2025-12-10 09:31:51,218 - engine.poker_game - WARNING - Pot logic residual: 30
2025-12-10 09:31:51,218 - tournament_runner - INFO - Hand #2 complete on table 1
2025-12-10 09:31:51,218 - tournament_runner - INFO - Starting hand #3 on table 1
2025-12-10 09:31:51,218 - engine.poker_game - INFO - conservative_bot posts small blind: 10
2025-12-10 09:31:51,218 - engine.poker_game - INFO - random_bot posts big blind: 20
2025-12-10 09:31:51,218 - engine.poker_game - INFO - 
==============================
--- NEW HAND ---
2025-12-10 09:31:51,218 - engine.poker_game - INFO - Dealer: aggressive_bot
2025-12-10 09:31:51,218 - engine.poker_game - INFO - aggressive_bot has PlayerHand(cards=[4♠, 7♥]) (chips: 30)
2025-12-10 09:31:51,219 - engine.poker_game - INFO - conservative_bot has PlayerHand(cards=[3♦, 4♣]) (chips: 980)
2025-12-10 09:31:51,219 - engine.poker_game - INFO - random_bot has PlayerHand(cards=[Q♠, J♦]) (chips: 1960)
2025-12-10 09:31:51,219 - engine.poker_game - INFO - 
--- PRE-FLOP BETTING ---
2025-12-10 09:31:51,219 - engine.poker_game - INFO -   aggressive_bot calls 20
2025-12-10 09:31:51,219 - engine.poker_game - INFO -   conservative_bot folds
2025-12-10 09:31:51,219 - engine.poker_game - INFO -   random_bot checks
2025-12-10 09:31:51,219 - engine.poker_game - INFO - Community Cards: []
2025-12-10 09:31:51,219 - engine.poker_game - INFO - Pot: 50
2025-12-10 09:31:51,219 - engine.poker_game - INFO - --------------------
2025-12-10 09:31:51,219 - engine.poker_game - INFO - FLOP: [10♣, 9♥, A♥]
2025-12-10 09:31:51,219 - engine.poker_game - INFO - 
--- FLOP BETTING ---
2025-12-10 09:31:51,219 - engine.poker_game - INFO -   random_bot checks
2025-12-10 09:31:51,219 - bot_manager.aggressive_bot - WARNING - Bot aggressive_bot attempted invalid raise amount 20, folding instead
2025-12-10 09:31:51,219 - engine.poker_game - INFO -   aggressive_bot folds
2025-12-10 09:31:51,220 - engine.poker_game - INFO - Community Cards: [10♣, 9♥, A♥]
2025-12-10 09:31:51,220 - engine.poker_game - INFO - Pot: 50
2025-12-10 09:31:51,220 - engine.poker_game - INFO - --------------------
2025-12-10 09:31:51,220 - engine.poker_game - WARNING - Pot logic residual: 50
2025-12-10 09:31:51,220 - tournament_runner - INFO - Hand #3 complete on table 1
2025-12-10 09:31:51,220 - tournament_runner - INFO - Starting hand #4 on table 1
2025-12-10 09:31:51,220 - engine.poker_game - INFO - random_bot posts small blind: 10
2025-12-10 09:31:51,220 - engine.poker_game - INFO - aggressive_bot posts big blind: 10
2025-12-10 09:31:51,220 - engine.poker_game - INFO - 
==============================
--- NEW HAND ---
2025-12-10 09:31:51,220 - engine.poker_game - INFO - Dealer: conservative_bot
2025-12-10 09:31:51,220 - engine.poker_game - INFO - aggressive_bot has PlayerHand(cards=[4♣, 8♣]) (chips: 0)
2025-12-10 09:31:51,220 - engine.poker_game - INFO - conservative_bot has PlayerHand(cards=[5♣, 8♦]) (chips: 980)
2025-12-10 09:31:51,220 - engine.poker_game - INFO - random_bot has PlayerHand(cards=[A♦, 9♠]) (chips: 2000)
2025-12-10 09:31:51,221 - engine.poker_game - INFO - 
--- PRE-FLOP BETTING ---
2025-12-10 09:31:51,221 - engine.poker_game - INFO -   conservative_bot folds
2025-12-10 09:31:51,221 - engine.poker_game - INFO -   random_bot folds
2025-12-10 09:31:51,221 - engine.poker_game - INFO - Community Cards: []
2025-12-10 09:31:51,221 - engine.poker_game - INFO - Pot: 20
2025-12-10 09:31:51,221 - engine.poker_game - INFO - --------------------
2025-12-10 09:31:51,221 - tournament.table_1 - INFO - Player aggressive_bot eliminated from table 1 on hand 3
2025-12-10 09:31:51,221 - tournament - INFO - Player aggressive_bot eliminated in position 3
2025-12-10 09:31:51,221 - tournament_runner - INFO - Hand #4 complete on table 1
2025-12-10 09:31:51,221 - tournament_runner - INFO - Starting hand #5 on table 1
2025-12-10 09:31:51,221 - engine.poker_game - INFO - conservative_bot posts small blind: 10
2025-12-10 09:31:51,221 - engine.poker_game - INFO - random_bot posts big blind: 20
2025-12-10 09:31:51,221 - engine.poker_game - INFO - 
==============================
--- NEW HAND ---
2025-12-10 09:31:51,221 - engine.poker_game - INFO - Dealer: conservative_bot
2025-12-10 09:31:51,221 - engine.poker_game - INFO - conservative_bot has PlayerHand(cards=[9♠, K♠]) (chips: 970)
2025-12-10 09:31:51,221 - engine.poker_game - INFO - random_bot has PlayerHand(cards=[3♦, 10♣]) (chips: 1980)
2025-12-10 09:31:51,222 - engine.poker_game - INFO - 
--- PRE-FLOP BETTING ---
2025-12-10 09:31:51,222 - engine.poker_game - INFO -   conservative_bot folds
2025-12-10 09:31:51,222 - engine.poker_game - INFO - Community Cards: []
2025-12-10 09:31:51,222 - engine.poker_game - INFO - Pot: 30
2025-12-10 09:31:51,222 - engine.poker_game - INFO - --------------------
2025-12-10 09:31:51,222 - tournament_runner - INFO - Hand #5 complete on table 1
2025-12-10 09:31:51,222 - tournament_runner - INFO - Starting hand #6 on table 1
2025-12-10 09:31:51,222 - engine.poker_game - INFO - random_bot posts small blind: 10
2025-12-10 09:31:51,222 - engine.poker_game - INFO - conservative_bot posts big blind: 20
2025-12-10 09:31:51,222 - engine.poker_game - INFO - 
==============================
--- NEW HAND ---
2025-12-10 09:31:51,222 - engine.poker_game - INFO - Dealer: random_bot
2025-12-10 09:31:51,222 - engine.poker_game - INFO - conservative_bot has PlayerHand(cards=[8♥, 5♥]) (chips: 950)
2025-12-10 09:31:51,222 - engine.poker_game - INFO - random_bot has PlayerHand(cards=[10♣, A♠]) (chips: 1970)
2025-12-10 09:31:51,222 - engine.poker_game - INFO - 
--- PRE-FLOP BETTING ---
2025-12-10 09:31:51,222 - engine.poker_game - INFO -   random_bot raises to 41
2025-12-10 09:31:51,223 - engine.poker_game - INFO -   conservative_bot folds
2025-12-10 09:31:51,223 - engine.poker_game - INFO - Community Cards: []
2025-12-10 09:31:51,223 - engine.poker_game - INFO - Pot: 61
2025-12-10 09:31:51,223 - engine.poker_game - INFO - --------------------
2025-12-10 09:31:51,223 - engine.poker_game - INFO - random_bot wins 31 from side/main pot
2025-12-10 09:31:51,223 - engine.poker_game - WARNING - Pot logic residual: 30
2025-12-10 09:31:51,223 - tournament_runner - INFO - Hand #6 complete on table 1
2025-12-10 09:31:51,223 - tournament_runner - INFO - Starting hand #7 on table 1
2025-12-10 09:31:51,223 - engine.poker_game - INFO - conservative_bot posts small blind: 10
2025-12-10 09:31:51,223 - engine.poker_game - INFO - random_bot posts big blind: 20
2025-12-10 09:31:51,223 - engine.poker_game - INFO - 
==============================
--- NEW HAND ---
2025-12-10 09:31:51,223 - engine.poker_game - INFO - Dealer: conservative_bot
2025-12-10 09:31:51,223 - engine.poker_game - INFO - conservative_bot has PlayerHand(cards=[J♥, 2♥]) (chips: 940)
2025-12-10 09:31:51,223 - engine.poker_game - INFO - random_bot has PlayerHand(cards=[A♠, 3♣]) (chips: 1980)
2025-12-10 09:31:51,223 - engine.poker_game - INFO - 
--- PRE-FLOP BETTING ---
2025-12-10 09:31:51,224 - engine.poker_game - INFO -   conservative_bot folds
2025-12-10 09:31:51,224 - engine.poker_game - INFO - Community Cards: []
2025-12-10 09:31:51,224 - engine.poker_game - INFO - Pot: 30
2025-12-10 09:31:51,224 - engine.poker_game - INFO - --------------------
2025-12-10 09:31:51,224 - tournament_runner - INFO - Hand #7 complete on table 1
2025-12-10 09:31:51,224 - tournament_runner - INFO - Starting hand #8 on table 1
2025-12-10 09:31:51,224 - engine.poker_game - INFO - random_bot posts small blind: 10
2025-12-10 09:31:51,224 - engine.poker_game - INFO - conservative_bot posts big blind: 20
2025-12-10 09:31:51,224 - engine.poker_game - INFO - 
==============================
--- NEW HAND ---
2025-12-10 09:31:51,224 - engine.poker_game - INFO - Dealer: random_bot
2025-12-10 09:31:51,224 - engine.poker_game - INFO - conservative_bot has PlayerHand(cards=[5♠, 2♣]) (chips: 920)
2025-12-10 09:31:51,224 - engine.poker_game - INFO - random_bot has PlayerHand(cards=[4♥, Q♦]) (chips: 1970)
2025-12-10 09:31:51,224 - engine.poker_game - INFO - 
--- PRE-FLOP BETTING ---
2025-12-10 09:31:51,224 - engine.poker_game - INFO -   random_bot folds
2025-12-10 09:31:51,225 - engine.poker_game - INFO - Community Cards: []
2025-12-10 09:31:51,225 - engine.poker_game - INFO - Pot: 30
2025-12-10 09:31:51,225 - engine.poker_game - INFO - --------------------
2025-12-10 09:31:51,225 - tournament_runner - INFO - Hand #8 complete on table 1
2025-12-10 09:31:51,225 - tournament_runner - INFO - Starting hand #9 on table 1
2025-12-10 09:31:51,225 - engine.poker_game - INFO - conservative_bot posts small blind: 10
2025-12-10 09:31:51,225 - engine.poker_game - INFO - random_bot posts big blind: 20
2025-12-10 09:31:51,225 - engine.poker_game - INFO - 
==============================
--- NEW HAND ---
2025-12-10 09:31:51,225 - engine.poker_game - INFO - Dealer: conservative_bot
2025-12-10 09:31:51,225 - engine.poker_game - INFO - conservative_bot has PlayerHand(cards=[5♥, 10♣]) (chips: 910)
2025-12-10 09:31:51,225 - engine.poker_game - INFO - random_bot has PlayerHand(cards=[4♥, 10♥]) (chips: 1950)
2025-12-10 09:31:51,225 - engine.poker_game - INFO - 
--- PRE-FLOP BETTING ---
2025-12-10 09:31:51,225 - engine.poker_game - INFO -   conservative_bot folds
2025-12-10 09:31:51,225 - engine.poker_game - INFO - Community Cards: []
2025-12-10 09:31:51,225 - engine.poker_game - INFO - Pot: 30
2025-12-10 09:31:51,225 - engine.poker_game - INFO - --------------------
2025-12-10 09:31:51,225 - tournament_runner - INFO - Hand #9 complete on table 1
2025-12-10 09:31:51,226 - tournament_runner - INFO - Starting hand #10 on table 1
2025-12-10 09:31:51,226 - engine.poker_game - INFO - random_bot posts small blind: 10
2025-12-10 09:31:51,226 - engine.poker_game - INFO - conservative_bot posts big blind: 20
2025-12-10 09:31:51,226 - engine.poker_game - INFO - 
==============================
--- NEW HAND ---
2025-12-10 09:31:51,226 - engine.poker_game - INFO - Dealer: random_bot
2025-12-10 09:31:51,226 - engine.poker_game - INFO - conservative_bot has PlayerHand(cards=[2♦, 6♦]) (chips: 890)
2025-12-10 09:31:51,226 - engine.poker_game - INFO - random_bot has PlayerHand(cards=[J♦, 10♦]) (chips: 1940)
2025-12-10 09:31:51,226 - engine.poker_game - INFO - 
--- PRE-FLOP BETTING ---
2025-12-10 09:31:51,226 - engine.poker_game - INFO -   random_bot calls 10
2025-12-10 09:31:51,226 - engine.poker_game - INFO -   conservative_bot folds
2025-12-10 09:31:51,226 - engine.poker_game - INFO - Community Cards: []
2025-12-10 09:31:51,226 - engine.poker_game - INFO - Pot: 40
2025-12-10 09:31:51,226 - engine.poker_game - INFO - --------------------
2025-12-10 09:31:51,226 - engine.poker_game - INFO - random_bot wins 10 from side/main pot
2025-12-10 09:31:51,227 - engine.poker_game - WARNING - Pot logic residual: 30
2025-12-10 09:31:51,227 - tournament_runner - INFO - Hand #10 complete on table 1
2025-12-10 09:31:51,227 - tournament_runner - INFO - Starting hand #11 on table 1
2025-12-10 09:31:51,227 - engine.poker_game - INFO - conservative_bot posts small blind: 10
2025-12-10 09:31:51,227 - engine.poker_game - INFO - random_bot posts big blind: 20
2025-12-10 09:31:51,227 - engine.poker_game - INFO - 
==============================
--- NEW HAND ---
2025-12-10 09:31:51,227 - engine.poker_game - INFO - Dealer: conservative_bot
2025-12-10 09:31:51,227 - engine.poker_game - INFO - conservative_bot has PlayerHand(cards=[5♣, 2♥]) (chips: 880)
2025-12-10 09:31:51,227 - engine.poker_game - INFO - random_bot has PlayerHand(cards=[9♦, J♦]) (chips: 1950)
2025-12-10 09:31:51,227 - engine.poker_game - INFO - 
--- PRE-FLOP BETTING ---
2025-12-10 09:31:51,227 - engine.poker_game - INFO -   conservative_bot folds
2025-12-10 09:31:51,227 - engine.poker_game - INFO - Community Cards: []
2025-12-10 09:31:51,227 - engine.poker_game - INFO - Pot: 30
2025-12-10 09:31:51,227 - engine.poker_game - INFO - --------------------
2025-12-10 09:31:51,227 - tournament_runner - INFO - Hand #11 complete on table 1
2025-12-10 09:31:51,227 - tournament_runner - INFO - Starting hand #12 on table 1
2025-12-10 09:31:51,227 - engine.poker_game - INFO - random_bot posts small blind: 10
2025-12-10 09:31:51,227 - engine.poker_game - INFO - conservative_bot posts big blind: 20
2025-12-10 09:31:51,228 - engine.poker_game - INFO - 
==============================
--- NEW HAND ---
2025-12-10 09:31:51,228 - engine.poker_game - INFO - Dealer: random_bot
2025-12-10 09:31:51,228 - engine.poker_game - INFO - conservative_bot has PlayerHand(cards=[J♦, 5♦]) (chips: 860)
2025-12-10 09:31:51,228 - engine.poker_game - INFO - random_bot has PlayerHand(cards=[7♠, 8♦]) (chips: 1940)
2025-12-10 09:31:51,228 - engine.poker_game - INFO - 
--- PRE-FLOP BETTING ---
2025-12-10 09:31:51,228 - engine.poker_game - INFO -   random_bot folds
2025-12-10 09:31:51,228 - engine.poker_game - INFO - Community Cards: []
2025-12-10 09:31:51,228 - engine.poker_game - INFO - Pot: 30
2025-12-10 09:31:51,228 - engine.poker_game - INFO - --------------------
2025-12-10 09:31:51,228 - tournament_runner - INFO - Hand #12 complete on table 1
2025-12-10 09:31:51,228 - tournament_runner - INFO - Starting hand #13 on table 1
2025-12-10 09:31:51,228 - engine.poker_game - INFO - conservative_bot posts small blind: 10
2025-12-10 09:31:51,228 - engine.poker_game - INFO - random_bot posts big blind: 20
2025-12-10 09:31:51,228 - engine.poker_game - INFO - 
==============================
--- NEW HAND ---
2025-12-10 09:31:51,229 - engine.poker_game - INFO - Dealer: conservative_bot
2025-12-10 09:31:51,229 - engine.poker_game - INFO - conservative_bot has PlayerHand(cards=[2♠, K♥]) (chips: 850)
2025-12-10 09:31:51,229 - engine.poker_game - INFO - random_bot has PlayerHand(cards=[8♥, 2♣]) (chips: 1920)
2025-12-10 09:31:51,229 - engine.poker_game - INFO - 
--- PRE-FLOP BETTING ---
2025-12-10 09:31:51,229 - engine.poker_game - INFO -   conservative_bot folds
2025-12-10 09:31:51,229 - engine.poker_game - INFO - Community Cards: []
2025-12-10 09:31:51,229 - engine.poker_game - INFO - Pot: 30
2025-12-10 09:31:51,229 - engine.poker_game - INFO - --------------------
2025-12-10 09:31:51,229 - tournament_runner - INFO - Hand #13 complete on table 1
2025-12-10 09:31:51,229 - tournament_runner - INFO - Starting hand #14 on table 1
2025-12-10 09:31:51,229 - engine.poker_game - INFO - random_bot posts small blind: 10
2025-12-10 09:31:51,229 - engine.poker_game - INFO - conservative_bot posts big blind: 20
2025-12-10 09:31:51,229 - engine.poker_game - INFO - 
==============================
--- NEW HAND ---
2025-12-10 09:31:51,229 - engine.poker_game - INFO - Dealer: random_bot
2025-12-10 09:31:51,229 - engine.poker_game - INFO - conservative_bot has PlayerHand(cards=[K♠, 2♥]) (chips: 830)
2025-12-10 09:31:51,229 - engine.poker_game - INFO - random_bot has PlayerHand(cards=[8♦, 9♣]) (chips: 1910)
2025-12-10 09:31:51,229 - engine.poker_game - INFO - 
--- PRE-FLOP BETTING ---
2025-12-10 09:31:51,229 - engine.poker_game - INFO -   random_bot folds
2025-12-10 09:31:51,229 - engine.poker_game - INFO - Community Cards: []
2025-12-10 09:31:51,229 - engine.poker_game - INFO - Pot: 30
2025-12-10 09:31:51,230 - engine.poker_game - INFO - --------------------
2025-12-10 09:31:51,230 - tournament_runner - INFO - Hand #14 complete on table 1
2025-12-10 09:31:51,230 - tournament_runner - INFO - Starting hand #15 on table 1
2025-12-10 09:31:51,230 - engine.poker_game - INFO - conservative_bot posts small blind: 10
2025-12-10 09:31:51,230 - engine.poker_game - INFO - random_bot posts big blind: 20
2025-12-10 09:31:51,230 - engine.poker_game - INFO - 
==============================
--- NEW HAND ---
2025-12-10 09:31:51,230 - engine.poker_game - INFO - Dealer: conservative_bot
2025-12-10 09:31:51,230 - engine.poker_game - INFO - conservative_bot has PlayerHand(cards=[7♦, 7♠]) (chips: 820)
2025-12-10 09:31:51,230 - engine.poker_game - INFO - random_bot has PlayerHand(cards=[3♠, 6♠]) (chips: 1890)
2025-12-10 09:31:51,230 - engine.poker_game - INFO - 
--- PRE-FLOP BETTING ---
2025-12-10 09:31:51,230 - engine.poker_game - INFO -   conservative_bot folds
2025-12-10 09:31:51,230 - engine.poker_game - INFO - Community Cards: []
2025-12-10 09:31:51,230 - engine.poker_game - INFO - Pot: 30
2025-12-10 09:31:51,230 - engine.poker_game - INFO - --------------------
2025-12-10 09:31:51,230 - tournament_runner - INFO - Hand #15 complete on table 1
2025-12-10 09:31:51,230 - tournament_runner - INFO - Starting hand #16 on table 1
2025-12-10 09:31:51,230 - engine.poker_game - INFO - random_bot posts small blind: 10
2025-12-10 09:31:51,230 - engine.poker_game - INFO - conservative_bot posts big blind: 20
2025-12-10 09:31:51,231 - engine.poker_game - INFO - 
==============================
--- NEW HAND ---
2025-12-10 09:31:51,231 - engine.poker_game - INFO - Dealer: random_bot
2025-12-10 09:31:51,231 - engine.poker_game - INFO - conservative_bot has PlayerHand(cards=[10♠, A♥]) (chips: 800)
2025-12-10 09:31:51,231 - engine.poker_game - INFO - random_bot has PlayerHand(cards=[10♦, 4♦]) (chips: 1880)
2025-12-10 09:31:51,231 - engine.poker_game - INFO - 
--- PRE-FLOP BETTING ---
2025-12-10 09:31:51,231 - engine.poker_game - INFO -   random_bot calls 10
2025-12-10 09:31:51,231 - engine.poker_game - INFO -   conservative_bot folds
2025-12-10 09:31:51,231 - engine.poker_game - INFO - Community Cards: []
2025-12-10 09:31:51,231 - engine.poker_game - INFO - Pot: 40
2025-12-10 09:31:51,232 - engine.poker_game - INFO - --------------------
2025-12-10 09:31:51,232 - engine.poker_game - INFO - random_bot wins 10 from side/main pot
2025-12-10 09:31:51,232 - engine.poker_game - WARNING - Pot logic residual: 30
2025-12-10 09:31:51,232 - tournament_runner - INFO - Hand #16 complete on table 1
2025-12-10 09:31:51,232 - tournament_runner - INFO - Starting hand #17 on table 1
2025-12-10 09:31:51,232 - engine.poker_game - INFO - conservative_bot posts small blind: 10
2025-12-10 09:31:51,232 - engine.poker_game - INFO - random_bot posts big blind: 20
2025-12-10 09:31:51,232 - engine.poker_game - INFO - 
==============================
--- NEW HAND ---
2025-12-10 09:31:51,232 - engine.poker_game - INFO - Dealer: conservative_bot
2025-12-10 09:31:51,232 - engine.poker_game - INFO - conservative_bot has PlayerHand(cards=[6♦, 4♠]) (chips: 790)
2025-12-10 09:31:51,232 - engine.poker_game - INFO - random_bot has PlayerHand(cards=[9♦, 8♣]) (chips: 1890)
2025-12-10 09:31:51,232 - engine.poker_game - INFO - 
--- PRE-FLOP BETTING ---
2025-12-10 09:31:51,233 - engine.poker_game - INFO -   conservative_bot folds
2025-12-10 09:31:51,233 - engine.poker_game - INFO - Community Cards: []
2025-12-10 09:31:51,233 - engine.poker_game - INFO - Pot: 30
2025-12-10 09:31:51,233 - engine.poker_game - INFO - --------------------
2025-12-10 09:31:51,233 - tournament_runner - INFO - Hand #17 complete on table 1
2025-12-10 09:31:51,233 - tournament_runner - INFO - Starting hand #18 on table 1
2025-12-10 09:31:51,233 - engine.poker_game - INFO - random_bot posts small blind: 10
2025-12-10 09:31:51,233 - engine.poker_game - INFO - conservative_bot posts big blind: 20
2025-12-10 09:31:51,233 - engine.poker_game - INFO - 
==============================
--- NEW HAND ---
2025-12-10 09:31:51,233 - engine.poker_game - INFO - Dealer: random_bot
2025-12-10 09:31:51,233 - engine.poker_game - INFO - conservative_bot has PlayerHand(cards=[A♠, K♣]) (chips: 770)
2025-12-10 09:31:51,233 - engine.poker_game - INFO - random_bot has PlayerHand(cards=[9♥, 3♣]) (chips: 1880)
2025-12-10 09:31:51,233 - engine.poker_game - INFO - 
--- PRE-FLOP BETTING ---
2025-12-10 09:31:51,233 - engine.poker_game - INFO -   random_bot goes all-in for 1880
2025-12-10 09:31:51,233 - engine.poker_game - INFO -   conservative_bot folds
2025-12-10 09:31:51,234 - engine.poker_game - INFO - Community Cards: []
2025-12-10 09:31:51,234 - engine.poker_game - INFO - Pot: 1910
2025-12-10 09:31:51,234 - engine.poker_game - INFO - --------------------
2025-12-10 09:31:51,234 - engine.poker_game - INFO - random_bot wins 1880 from side/main pot
2025-12-10 09:31:51,234 - engine.poker_game - WARNING - Pot logic residual: 30
2025-12-10 09:31:51,234 - tournament_runner - INFO - Hand #18 complete on table 1
2025-12-10 09:31:51,234 - tournament_runner - INFO - Starting hand #19 on table 1
2025-12-10 09:31:51,234 - engine.poker_game - INFO - conservative_bot posts small blind: 10
2025-12-10 09:31:51,234 - engine.poker_game - INFO - random_bot posts big blind: 20
2025-12-10 09:31:51,234 - engine.poker_game - INFO - 
==============================
--- NEW HAND ---
2025-12-10 09:31:51,234 - engine.poker_game - INFO - Dealer: conservative_bot
2025-12-10 09:31:51,234 - engine.poker_game - INFO - conservative_bot has PlayerHand(cards=[4♦, A♠]) (chips: 760)
2025-12-10 09:31:51,234 - engine.poker_game - INFO - random_bot has PlayerHand(cards=[A♣, 8♠]) (chips: 1890)
2025-12-10 09:31:51,234 - engine.poker_game - INFO - 
--- PRE-FLOP BETTING ---
2025-12-10 09:31:51,234 - engine.poker_game - INFO -   conservative_bot folds
2025-12-10 09:31:51,234 - engine.poker_game - INFO - Community Cards: []
2025-12-10 09:31:51,234 - engine.poker_game - INFO - Pot: 30
2025-12-10 09:31:51,235 - engine.poker_game - INFO - --------------------
2025-12-10 09:31:51,235 - tournament_runner - INFO - Hand #19 complete on table 1
2025-12-10 09:31:51,235 - tournament_runner - INFO - Starting hand #20 on table 1
2025-12-10 09:31:51,235 - engine.poker_game - INFO - random_bot posts small blind: 10
2025-12-10 09:31:51,235 - engine.poker_game - INFO - conservative_bot posts big blind: 20
2025-12-10 09:31:51,235 - engine.poker_game - INFO - 
==============================
--- NEW HAND ---
2025-12-10 09:31:51,235 - engine.poker_game - INFO - Dealer: random_bot
2025-12-10 09:31:51,235 - engine.poker_game - INFO - conservative_bot has PlayerHand(cards=[7♣, Q♠]) (chips: 740)
2025-12-10 09:31:51,235 - engine.poker_game - INFO - random_bot has PlayerHand(cards=[6♦, 8♠]) (chips: 1880)
2025-12-10 09:31:51,235 - engine.poker_game - INFO - 
--- PRE-FLOP BETTING ---
2025-12-10 09:31:51,235 - engine.poker_game - INFO -   random_bot calls 10
2025-12-10 09:31:51,235 - engine.poker_game - INFO -   conservative_bot folds
2025-12-10 09:31:51,235 - engine.poker_game - INFO - Community Cards: []
2025-12-10 09:31:51,235 - engine.poker_game - INFO - Pot: 40
2025-12-10 09:31:51,235 - engine.poker_game - INFO - --------------------
2025-12-10 09:31:51,235 - engine.poker_game - INFO - random_bot wins 10 from side/main pot
2025-12-10 09:31:51,235 - engine.poker_game - WARNING - Pot logic residual: 30
2025-12-10 09:31:51,235 - tournament_runner - INFO - Hand #20 complete on table 1
2025-12-10 09:31:51,235 - tournament_runner - INFO - Starting hand #21 on table 1
2025-12-10 09:31:51,236 - engine.poker_game - INFO - conservative_bot posts small blind: 10
2025-12-10 09:31:51,236 - engine.poker_game - INFO - random_bot posts big blind: 20
2025-12-10 09:31:51,236 - engine.poker_game - INFO - 
==============================
--- NEW HAND ---
2025-12-10 09:31:51,236 - engine.poker_game - INFO - Dealer: conservative_bot
2025-12-10 09:31:51,236 - engine.poker_game - INFO - conservative_bot has PlayerHand(cards=[10♠, 3♦]) (chips: 730)
2025-12-10 09:31:51,236 - engine.poker_game - INFO - random_bot has PlayerHand(cards=[9♦, 7♠]) (chips: 1890)
2025-12-10 09:31:51,236 - engine.poker_game - INFO - 
--- PRE-FLOP BETTING ---
2025-12-10 09:31:51,236 - engine.poker_game - INFO -   conservative_bot folds
2025-12-10 09:31:51,236 - engine.poker_game - INFO - Community Cards: []
2025-12-10 09:31:51,236 - engine.poker_game - INFO - Pot: 30
2025-12-10 09:31:51,236 - engine.poker_game - INFO - --------------------
2025-12-10 09:31:51,237 - tournament_runner - INFO - Hand #21 complete on table 1
2025-12-10 09:31:51,237 - tournament_runner - INFO - Starting hand #22 on table 1
2025-12-10 09:31:51,237 - engine.poker_game - INFO - random_bot posts small blind: 10
2025-12-10 09:31:51,237 - engine.poker_game - INFO - conservative_bot posts big blind: 20
2025-12-10 09:31:51,237 - engine.poker_game - INFO - 
==============================
--- NEW HAND ---
2025-12-10 09:31:51,237 - engine.poker_game - INFO - Dealer: random_bot
2025-12-10 09:31:51,237 - engine.poker_game - INFO - conservative_bot has PlayerHand(cards=[6♣, K♥]) (chips: 710)
2025-12-10 09:31:51,237 - engine.poker_game - INFO - random_bot has PlayerHand(cards=[10♠, 4♠]) (chips: 1880)
2025-12-10 09:31:51,237 - engine.poker_game - INFO - 
--- PRE-FLOP BETTING ---
2025-12-10 09:31:51,237 - engine.poker_game - INFO -   random_bot folds
2025-12-10 09:31:51,237 - engine.poker_game - INFO - Community Cards: []
2025-12-10 09:31:51,237 - engine.poker_game - INFO - Pot: 30
2025-12-10 09:31:51,237 - engine.poker_game - INFO - --------------------
2025-12-10 09:31:51,237 - tournament_runner - INFO - Hand #22 complete on table 1
2025-12-10 09:31:51,237 - tournament_runner - INFO - Starting hand #23 on table 1
2025-12-10 09:31:51,238 - engine.poker_game - INFO - conservative_bot posts small blind: 10
2025-12-10 09:31:51,238 - engine.poker_game - INFO - random_bot posts big blind: 20
2025-12-10 09:31:51,238 - engine.poker_game - INFO - 
==============================
--- NEW HAND ---
2025-12-10 09:31:51,238 - engine.poker_game - INFO - Dealer: conservative_bot
2025-12-10 09:31:51,238 - engine.poker_game - INFO - conservative_bot has PlayerHand(cards=[J♣, 6♠]) (chips: 700)
2025-12-10 09:31:51,238 - engine.poker_game - INFO - random_bot has PlayerHand(cards=[7♦, 4♣]) (chips: 1860)
2025-12-10 09:31:51,238 - engine.poker_game - INFO - 
--- PRE-FLOP BETTING ---
2025-12-10 09:31:51,238 - engine.poker_game - INFO -   conservative_bot folds
2025-12-10 09:31:51,238 - engine.poker_game - INFO - Community Cards: []
2025-12-10 09:31:51,238 - engine.poker_game - INFO - Pot: 30
2025-12-10 09:31:51,238 - engine.poker_game - INFO - --------------------
2025-12-10 09:31:51,238 - tournament_runner - INFO - Hand #23 complete on table 1
2025-12-10 09:31:51,239 - tournament_runner - INFO - Starting hand #24 on table 1
2025-12-10 09:31:51,239 - engine.poker_game - INFO - random_bot posts small blind: 10
2025-12-10 09:31:51,239 - engine.poker_game - INFO - conservative_bot posts big blind: 20
2025-12-10 09:31:51,239 - engine.poker_game - INFO - 
==============================
--- NEW HAND ---
2025-12-10 09:31:51,239 - engine.poker_game - INFO - Dealer: random_bot
2025-12-10 09:31:51,239 - engine.poker_game - INFO - conservative_bot has PlayerHand(cards=[J♠, K♣]) (chips: 680)
2025-12-10 09:31:51,239 - engine.poker_game - INFO - random_bot has PlayerHand(cards=[Q♦, J♦]) (chips: 1850)
2025-12-10 09:31:51,239 - engine.poker_game - INFO - 
--- PRE-FLOP BETTING ---
2025-12-10 09:31:51,239 - engine.poker_game - INFO -   random_bot goes all-in for 1850
2025-12-10 09:31:51,239 - engine.poker_game - INFO -   conservative_bot folds
2025-12-10 09:31:51,239 - engine.poker_game - INFO - Community Cards: []
2025-12-10 09:31:51,239 - engine.poker_game - INFO - Pot: 1880
2025-12-10 09:31:51,240 - engine.poker_game - INFO - --------------------
2025-12-10 09:31:51,240 - engine.poker_game - INFO - random_bot wins 1850 from side/main pot
2025-12-10 09:31:51,240 - engine.poker_game - WARNING - Pot logic residual: 30
2025-12-10 09:31:51,240 - tournament_runner - INFO - Hand #24 complete on table 1
2025-12-10 09:31:51,240 - tournament_runner - INFO - Starting hand #25 on table 1
2025-12-10 09:31:51,240 - engine.poker_game - INFO - conservative_bot posts small blind: 10
2025-12-10 09:31:51,240 - engine.poker_game - INFO - random_bot posts big blind: 20
2025-12-10 09:31:51,240 - engine.poker_game - INFO - 
==============================
--- NEW HAND ---
2025-12-10 09:31:51,240 - engine.poker_game - INFO - Dealer: conservative_bot
2025-12-10 09:31:51,240 - engine.poker_game - INFO - conservative_bot has PlayerHand(cards=[A♠, 3♠]) (chips: 670)
2025-12-10 09:31:51,240 - engine.poker_game - INFO - random_bot has PlayerHand(cards=[A♥, 3♥]) (chips: 1860)
2025-12-10 09:31:51,240 - engine.poker_game - INFO - 
--- PRE-FLOP BETTING ---
2025-12-10 09:31:51,240 - engine.poker_game - INFO -   conservative_bot folds
2025-12-10 09:31:51,240 - engine.poker_game - INFO - Community Cards: []
2025-12-10 09:31:51,240 - engine.poker_game - INFO - Pot: 30
2025-12-10 09:31:51,241 - engine.poker_game - INFO - --------------------
2025-12-10 09:31:51,241 - tournament_runner - INFO - Hand #25 complete on table 1
2025-12-10 09:31:51,241 - tournament_runner - INFO - Starting hand #26 on table 1
2025-12-10 09:31:51,241 - engine.poker_game - INFO - random_bot posts small blind: 10
2025-12-10 09:31:51,241 - engine.poker_game - INFO - conservative_bot posts big blind: 20
2025-12-10 09:31:51,241 - engine.poker_game - INFO - 
==============================
--- NEW HAND ---
2025-12-10 09:31:51,241 - engine.poker_game - INFO - Dealer: random_bot
2025-12-10 09:31:51,241 - engine.poker_game - INFO - conservative_bot has PlayerHand(cards=[2♦, 9♦]) (chips: 650)
2025-12-10 09:31:51,241 - engine.poker_game - INFO - random_bot has PlayerHand(cards=[5♥, 3♠]) (chips: 1850)
2025-12-10 09:31:51,241 - engine.poker_game - INFO - 
--- PRE-FLOP BETTING ---
2025-12-10 09:31:51,241 - engine.poker_game - INFO -   random_bot folds
2025-12-10 09:31:51,241 - engine.poker_game - INFO - Community Cards: []
2025-12-10 09:31:51,241 - engine.poker_game - INFO - Pot: 30
2025-12-10 09:31:51,241 - engine.poker_game - INFO - --------------------
2025-12-10 09:31:51,241 - tournament_runner - INFO - Hand #26 complete on table 1
2025-12-10 09:31:51,242 - tournament_runner - INFO - Starting hand #27 on table 1
2025-12-10 09:31:51,242 - engine.poker_game - INFO - conservative_bot posts small blind: 10
2025-12-10 09:31:51,242 - engine.poker_game - INFO - random_bot posts big blind: 20
2025-12-10 09:31:51,242 - engine.poker_game - INFO - 
==============================
--- NEW HAND ---
2025-12-10 09:31:51,242 - engine.poker_game - INFO - Dealer: conservative_bot
2025-12-10 09:31:51,242 - engine.poker_game - INFO - conservative_bot has PlayerHand(cards=[4♠, 3♥]) (chips: 640)
2025-12-10 09:31:51,242 - engine.poker_game - INFO - random_bot has PlayerHand(cards=[A♠, Q♦]) (chips: 1830)
2025-12-10 09:31:51,242 - engine.poker_game - INFO - 
--- PRE-FLOP BETTING ---
2025-12-10 09:31:51,242 - engine.poker_game - INFO -   conservative_bot folds
2025-12-10 09:31:51,242 - engine.poker_game - INFO - Community Cards: []
2025-12-10 09:31:51,242 - engine.poker_game - INFO - Pot: 30
2025-12-10 09:31:51,242 - engine.poker_game - INFO - --------------------
2025-12-10 09:31:51,242 - tournament_runner - INFO - Hand #27 complete on table 1
2025-12-10 09:31:51,242 - tournament_runner - INFO - Starting hand #28 on table 1
2025-12-10 09:31:51,242 - engine.poker_game - INFO - random_bot posts small blind: 10
2025-12-10 09:31:51,243 - engine.poker_game - INFO - conservative_bot posts big blind: 20
2025-12-10 09:31:51,243 - engine.poker_game - INFO - 
==============================
--- NEW HAND ---
2025-12-10 09:31:51,243 - engine.poker_game - INFO - Dealer: random_bot
2025-12-10 09:31:51,243 - engine.poker_game - INFO - conservative_bot has PlayerHand(cards=[10♠, 5♠]) (chips: 620)
2025-12-10 09:31:51,243 - engine.poker_game - INFO - random_bot has PlayerHand(cards=[A♣, A♠]) (chips: 1820)
2025-12-10 09:31:51,243 - engine.poker_game - INFO - 
--- PRE-FLOP BETTING ---
2025-12-10 09:31:51,243 - engine.poker_game - INFO -   random_bot folds
2025-12-10 09:31:51,243 - engine.poker_game - INFO - Community Cards: []
2025-12-10 09:31:51,243 - engine.poker_game - INFO - Pot: 30
2025-12-10 09:31:51,243 - engine.poker_game - INFO - --------------------
2025-12-10 09:31:51,243 - tournament_runner - INFO - Hand #28 complete on table 1
2025-12-10 09:31:51,243 - tournament_runner - INFO - Starting hand #29 on table 1
2025-12-10 09:31:51,243 - engine.poker_game - INFO - conservative_bot posts small blind: 10
2025-12-10 09:31:51,243 - engine.poker_game - INFO - random_bot posts big blind: 20
2025-12-10 09:31:51,243 - engine.poker_game - INFO - 
==============================
--- NEW HAND ---
2025-12-10 09:31:51,243 - engine.poker_game - INFO - Dealer: conservative_bot
2025-12-10 09:31:51,243 - engine.poker_game - INFO - conservative_bot has PlayerHand(cards=[5♠, J♣]) (chips: 610)
2025-12-10 09:31:51,243 - engine.poker_game - INFO - random_bot has PlayerHand(cards=[6♣, 7♠]) (chips: 1800)
2025-12-10 09:31:51,244 - engine.poker_game - INFO - 
--- PRE-FLOP BETTING ---
2025-12-10 09:31:51,244 - engine.poker_game - INFO -   conservative_bot folds
2025-12-10 09:31:51,244 - engine.poker_game - INFO - Community Cards: []
2025-12-10 09:31:51,244 - engine.poker_game - INFO - Pot: 30
2025-12-10 09:31:51,244 - engine.poker_game - INFO - --------------------
2025-12-10 09:31:51,244 - tournament_runner - INFO - Hand #29 complete on table 1
2025-12-10 09:31:51,244 - tournament_runner - INFO - Starting hand #30 on table 1
2025-12-10 09:31:51,244 - engine.poker_game - INFO - random_bot posts small blind: 10
2025-12-10 09:31:51,244 - engine.poker_game - INFO - conservative_bot posts big blind: 20
2025-12-10 09:31:51,244 - engine.poker_game - INFO - 
==============================
--- NEW HAND ---
2025-12-10 09:31:51,244 - engine.poker_game - INFO - Dealer: random_bot
2025-12-10 09:31:51,244 - engine.poker_game - INFO - conservative_bot has PlayerHand(cards=[10♦, 6♥]) (chips: 590)
2025-12-10 09:31:51,244 - engine.poker_game - INFO - random_bot has PlayerHand(cards=[6♣, K♣]) (chips: 1790)
2025-12-10 09:31:51,244 - engine.poker_game - INFO - 
--- PRE-FLOP BETTING ---
2025-12-10 09:31:51,244 - engine.poker_game - INFO -   random_bot calls 10
2025-12-10 09:31:51,244 - engine.poker_game - INFO -   conservative_bot folds
2025-12-10 09:31:51,245 - engine.poker_game - INFO - Community Cards: []
2025-12-10 09:31:51,245 - engine.poker_game - INFO - Pot: 40
2025-12-10 09:31:51,245 - engine.poker_game - INFO - --------------------
2025-12-10 09:31:51,245 - engine.poker_game - INFO - random_bot wins 10 from side/main pot
2025-12-10 09:31:51,245 - engine.poker_game - WARNING - Pot logic residual: 30
2025-12-10 09:31:51,245 - tournament_runner - INFO - Hand #30 complete on table 1
2025-12-10 09:31:51,245 - tournament_runner - INFO - Starting hand #31 on table 1
2025-12-10 09:31:51,245 - engine.poker_game - INFO - conservative_bot posts small blind: 10
2025-12-10 09:31:51,245 - engine.poker_game - INFO - random_bot posts big blind: 20
2025-12-10 09:31:51,245 - engine.poker_game - INFO - 
==============================
--- NEW HAND ---
2025-12-10 09:31:51,245 - engine.poker_game - INFO - Dealer: conservative_bot
2025-12-10 09:31:51,245 - engine.poker_game - INFO - conservative_bot has PlayerHand(cards=[4♣, A♦]) (chips: 580)
2025-12-10 09:31:51,245 - engine.poker_game - INFO - random_bot has PlayerHand(cards=[4♦, 9♥]) (chips: 1800)
2025-12-10 09:31:51,245 - engine.poker_game - INFO - 
--- PRE-FLOP BETTING ---
2025-12-10 09:31:51,245 - engine.poker_game - INFO -   conservative_bot folds
2025-12-10 09:31:51,245 - engine.poker_game - INFO - Community Cards: []
2025-12-10 09:31:51,245 - engine.poker_game - INFO - Pot: 30
2025-12-10 09:31:51,245 - engine.poker_game - INFO - --------------------
2025-12-10 09:31:51,245 - tournament_runner - INFO - Hand #31 complete on table 1
2025-12-10 09:31:51,246 - tournament_runner - INFO - Starting hand #32 on table 1
2025-12-10 09:31:51,246 - engine.poker_game - INFO - random_bot posts small blind: 10
2025-12-10 09:31:51,246 - engine.poker_game - INFO - conservative_bot posts big blind: 20
2025-12-10 09:31:51,246 - engine.poker_game - INFO - 
==============================
--- NEW HAND ---
2025-12-10 09:31:51,246 - engine.poker_game - INFO - Dealer: random_bot
2025-12-10 09:31:51,246 - engine.poker_game - INFO - conservative_bot has PlayerHand(cards=[7♣, 10♠]) (chips: 560)
2025-12-10 09:31:51,246 - engine.poker_game - INFO - random_bot has PlayerHand(cards=[6♥, 4♥]) (chips: 1790)
2025-12-10 09:31:51,246 - engine.poker_game - INFO - 
--- PRE-FLOP BETTING ---
2025-12-10 09:31:51,246 - engine.poker_game - INFO -   random_bot raises to 44
2025-12-10 09:31:51,246 - engine.poker_game - INFO -   conservative_bot folds
2025-12-10 09:31:51,246 - engine.poker_game - INFO - Community Cards: []
2025-12-10 09:31:51,247 - engine.poker_game - INFO - Pot: 64
2025-12-10 09:31:51,247 - engine.poker_game - INFO - --------------------
2025-12-10 09:31:51,247 - engine.poker_game - INFO - random_bot wins 34 from side/main pot
2025-12-10 09:31:51,247 - engine.poker_game - WARNING - Pot logic residual: 30
2025-12-10 09:31:51,247 - tournament_runner - INFO - Hand #32 complete on table 1
2025-12-10 09:31:51,247 - tournament_runner - INFO - Starting hand #33 on table 1
2025-12-10 09:31:51,247 - engine.poker_game - INFO - conservative_bot posts small blind: 10
2025-12-10 09:31:51,247 - engine.poker_game - INFO - random_bot posts big blind: 20
2025-12-10 09:31:51,247 - engine.poker_game - INFO - 
==============================
--- NEW HAND ---
2025-12-10 09:31:51,247 - engine.poker_game - INFO - Dealer: conservative_bot
2025-12-10 09:31:51,247 - engine.poker_game - INFO - conservative_bot has PlayerHand(cards=[9♦, 3♠]) (chips: 550)
2025-12-10 09:31:51,247 - engine.poker_game - INFO - random_bot has PlayerHand(cards=[J♦, Q♦]) (chips: 1800)
2025-12-10 09:31:51,247 - engine.poker_game - INFO - 
--- PRE-FLOP BETTING ---
2025-12-10 09:31:51,247 - engine.poker_game - INFO -   conservative_bot folds
2025-12-10 09:31:51,247 - engine.poker_game - INFO - Community Cards: []
2025-12-10 09:31:51,247 - engine.poker_game - INFO - Pot: 30
2025-12-10 09:31:51,247 - engine.poker_game - INFO - --------------------
2025-12-10 09:31:51,247 - tournament_runner - INFO - Hand #33 complete on table 1
2025-12-10 09:31:51,247 - tournament_runner - INFO - Starting hand #34 on table 1
2025-12-10 09:31:51,248 - engine.poker_game - INFO - random_bot posts small blind: 10
2025-12-10 09:31:51,248 - engine.poker_game - INFO - conservative_bot posts big blind: 20
2025-12-10 09:31:51,248 - engine.poker_game - INFO - 
==============================
--- NEW HAND ---
2025-12-10 09:31:51,248 - engine.poker_game - INFO - Dealer: random_bot
2025-12-10 09:31:51,248 - engine.poker_game - INFO - conservative_bot has PlayerHand(cards=[6♣, K♦]) (chips: 530)
2025-12-10 09:31:51,248 - engine.poker_game - INFO - random_bot has PlayerHand(cards=[Q♦, 6♠]) (chips: 1790)
2025-12-10 09:31:51,248 - engine.poker_game - INFO - 
--- PRE-FLOP BETTING ---
2025-12-10 09:31:51,248 - engine.poker_game - INFO -   random_bot folds
2025-12-10 09:31:51,249 - engine.poker_game - INFO - Community Cards: []
2025-12-10 09:31:51,249 - engine.poker_game - INFO - Pot: 30
2025-12-10 09:31:51,249 - engine.poker_game - INFO - --------------------
2025-12-10 09:31:51,249 - tournament_runner - INFO - Hand #34 complete on table 1
2025-12-10 09:31:51,249 - tournament_runner - INFO - Starting hand #35 on table 1
2025-12-10 09:31:51,249 - engine.poker_game - INFO - conservative_bot posts small blind: 10
2025-12-10 09:31:51,249 - engine.poker_game - INFO - random_bot posts big blind: 20
2025-12-10 09:31:51,249 - engine.poker_game - INFO - 
==============================
--- NEW HAND ---
2025-12-10 09:31:51,249 - engine.poker_game - INFO - Dealer: conservative_bot
2025-12-10 09:31:51,249 - engine.poker_game - INFO - conservative_bot has PlayerHand(cards=[8♠, A♠]) (chips: 520)
2025-12-10 09:31:51,249 - engine.poker_game - INFO - random_bot has PlayerHand(cards=[4♣, 3♥]) (chips: 1770)
2025-12-10 09:31:51,250 - engine.poker_game - INFO - 
--- PRE-FLOP BETTING ---
2025-12-10 09:31:51,250 - engine.poker_game - INFO -   conservative_bot folds
2025-12-10 09:31:51,250 - engine.poker_game - INFO - Community Cards: []
2025-12-10 09:31:51,250 - engine.poker_game - INFO - Pot: 30
2025-12-10 09:31:51,250 - engine.poker_game - INFO - --------------------
2025-12-10 09:31:51,250 - tournament_runner - INFO - Hand #35 complete on table 1
2025-12-10 09:31:51,250 - tournament_runner - INFO - Starting hand #36 on table 1
2025-12-10 09:31:51,250 - engine.poker_game - INFO - random_bot posts small blind: 10
2025-12-10 09:31:51,250 - engine.poker_game - INFO - conservative_bot posts big blind: 20
2025-12-10 09:31:51,250 - engine.poker_game - INFO - 
==============================
--- NEW HAND ---
2025-12-10 09:31:51,250 - engine.poker_game - INFO - Dealer: random_bot
2025-12-10 09:31:51,250 - engine.poker_game - INFO - conservative_bot has PlayerHand(cards=[K♥, 7♠]) (chips: 500)
2025-12-10 09:31:51,250 - engine.poker_game - INFO - random_bot has PlayerHand(cards=[J♣, K♣]) (chips: 1760)
2025-12-10 09:31:51,250 - engine.poker_game - INFO - 
--- PRE-FLOP BETTING ---
2025-12-10 09:31:51,251 - engine.poker_game - INFO -   random_bot raises to 44
2025-12-10 09:31:51,251 - engine.poker_game - INFO -   conservative_bot folds
2025-12-10 09:31:51,251 - engine.poker_game - INFO - Community Cards: []
2025-12-10 09:31:51,251 - engine.poker_game - INFO - Pot: 64
2025-12-10 09:31:51,251 - engine.poker_game - INFO - --------------------
2025-12-10 09:31:51,251 - engine.poker_game - INFO - random_bot wins 34 from side/main pot
2025-12-10 09:31:51,251 - engine.poker_game - WARNING - Pot logic residual: 30
2025-12-10 09:31:51,251 - tournament_runner - INFO - Hand #36 complete on table 1
2025-12-10 09:31:51,251 - tournament_runner - INFO - Starting hand #37 on table 1
2025-12-10 09:31:51,251 - engine.poker_game - INFO - conservative_bot posts small blind: 10
2025-12-10 09:31:51,251 - engine.poker_game - INFO - random_bot posts big blind: 20
2025-12-10 09:31:51,251 - engine.poker_game - INFO - 
==============================
--- NEW HAND ---
2025-12-10 09:31:51,251 - engine.poker_game - INFO - Dealer: conservative_bot
2025-12-10 09:31:51,251 - engine.poker_game - INFO - conservative_bot has PlayerHand(cards=[8♣, 4♥]) (chips: 490)
2025-12-10 09:31:51,251 - engine.poker_game - INFO - random_bot has PlayerHand(cards=[8♦, 2♥]) (chips: 1770)
2025-12-10 09:31:51,251 - engine.poker_game - INFO - 
--- PRE-FLOP BETTING ---
2025-12-10 09:31:51,252 - engine.poker_game - INFO -   conservative_bot folds
2025-12-10 09:31:51,252 - engine.poker_game - INFO - Community Cards: []
2025-12-10 09:31:51,252 - engine.poker_game - INFO - Pot: 30
2025-12-10 09:31:51,252 - engine.poker_game - INFO - --------------------
2025-12-10 09:31:51,252 - tournament_runner - INFO - Hand #37 complete on table 1
2025-12-10 09:31:51,252 - tournament_runner - INFO - Starting hand #38 on table 1
2025-12-10 09:31:51,252 - engine.poker_game - INFO - random_bot posts small blind: 10
2025-12-10 09:31:51,252 - engine.poker_game - INFO - conservative_bot posts big blind: 20
2025-12-10 09:31:51,252 - engine.poker_game - INFO - 
==============================
--- NEW HAND ---
2025-12-10 09:31:51,252 - engine.poker_game - INFO - Dealer: random_bot
2025-12-10 09:31:51,252 - engine.poker_game - INFO - conservative_bot has PlayerHand(cards=[3♠, K♠]) (chips: 470)
2025-12-10 09:31:51,252 - engine.poker_game - INFO - random_bot has PlayerHand(cards=[2♦, 3♥]) (chips: 1760)
2025-12-10 09:31:51,252 - engine.poker_game - INFO - 
--- PRE-FLOP BETTING ---
2025-12-10 09:31:51,252 - engine.poker_game - INFO -   random_bot calls 10
2025-12-10 09:31:51,252 - engine.poker_game - INFO -   conservative_bot folds
2025-12-10 09:31:51,252 - engine.poker_game - INFO - Community Cards: []
2025-12-10 09:31:51,253 - engine.poker_game - INFO - Pot: 40
2025-12-10 09:31:51,253 - engine.poker_game - INFO - --------------------
2025-12-10 09:31:51,253 - engine.poker_game - INFO - random_bot wins 10 from side/main pot
2025-12-10 09:31:51,253 - engine.poker_game - WARNING - Pot logic residual: 30
2025-12-10 09:31:51,253 - tournament_runner - INFO - Hand #38 complete on table 1
2025-12-10 09:31:51,253 - tournament_runner - INFO - Starting hand #39 on table 1
2025-12-10 09:31:51,253 - engine.poker_game - INFO - conservative_bot posts small blind: 10
2025-12-10 09:31:51,253 - engine.poker_game - INFO - random_bot posts big blind: 20
2025-12-10 09:31:51,253 - engine.poker_game - INFO - 
==============================
--- NEW HAND ---
2025-12-10 09:31:51,253 - engine.poker_game - INFO - Dealer: conservative_bot
2025-12-10 09:31:51,253 - engine.poker_game - INFO - conservative_bot has PlayerHand(cards=[2♣, A♦]) (chips: 460)
2025-12-10 09:31:51,253 - engine.poker_game - INFO - random_bot has PlayerHand(cards=[6♥, 4♦]) (chips: 1770)
2025-12-10 09:31:51,253 - engine.poker_game - INFO - 
--- PRE-FLOP BETTING ---
2025-12-10 09:31:51,253 - engine.poker_game - INFO -   conservative_bot folds
2025-12-10 09:31:51,253 - engine.poker_game - INFO - Community Cards: []
2025-12-10 09:31:51,254 - engine.poker_game - INFO - Pot: 30
2025-12-10 09:31:51,254 - engine.poker_game - INFO - --------------------
2025-12-10 09:31:51,254 - tournament_runner - INFO - Hand #39 complete on table 1
2025-12-10 09:31:51,254 - tournament_runner - INFO - Starting hand #40 on table 1
2025-12-10 09:31:51,254 - engine.poker_game - INFO - random_bot posts small blind: 10
2025-12-10 09:31:51,254 - engine.poker_game - INFO - conservative_bot posts big blind: 20
2025-12-10 09:31:51,254 - engine.poker_game - INFO - 
==============================
--- NEW HAND ---
2025-12-10 09:31:51,254 - engine.poker_game - INFO - Dealer: random_bot
2025-12-10 09:31:51,254 - engine.poker_game - INFO - conservative_bot has PlayerHand(cards=[10♣, J♣]) (chips: 440)
2025-12-10 09:31:51,254 - engine.poker_game - INFO - random_bot has PlayerHand(cards=[4♦, J♦]) (chips: 1760)
2025-12-10 09:31:51,254 - engine.poker_game - INFO - 
--- PRE-FLOP BETTING ---
2025-12-10 09:31:51,254 - engine.poker_game - INFO -   random_bot folds
2025-12-10 09:31:51,254 - engine.poker_game - INFO - Community Cards: []
2025-12-10 09:31:51,255 - engine.poker_game - INFO - Pot: 30
2025-12-10 09:31:51,255 - engine.poker_game - INFO - --------------------
2025-12-10 09:31:51,255 - tournament_runner - INFO - Hand #40 complete on table 1
2025-12-10 09:31:51,255 - tournament_runner - INFO - Starting hand #41 on table 1
2025-12-10 09:31:51,255 - engine.poker_game - INFO - conservative_bot posts small blind: 10
2025-12-10 09:31:51,255 - engine.poker_game - INFO - random_bot posts big blind: 20
2025-12-10 09:31:51,255 - engine.poker_game - INFO - 
==============================
--- NEW HAND ---
2025-12-10 09:31:51,255 - engine.poker_game - INFO - Dealer: conservative_bot
2025-12-10 09:31:51,255 - engine.poker_game - INFO - conservative_bot has PlayerHand(cards=[6♦, K♦]) (chips: 430)
2025-12-10 09:31:51,255 - engine.poker_game - INFO - random_bot has PlayerHand(cards=[5♣, 9♥]) (chips: 1740)
2025-12-10 09:31:51,255 - engine.poker_game - INFO - 
--- PRE-FLOP BETTING ---
2025-12-10 09:31:51,255 - engine.poker_game - INFO -   conservative_bot folds
2025-12-10 09:31:51,255 - engine.poker_game - INFO - Community Cards: []
2025-12-10 09:31:51,255 - engine.poker_game - INFO - Pot: 30
2025-12-10 09:31:51,255 - engine.poker_game - INFO - --------------------
2025-12-10 09:31:51,255 - tournament_runner - INFO - Hand #41 complete on table 1
2025-12-10 09:31:51,256 - tournament_runner - INFO - Starting hand #42 on table 1
2025-12-10 09:31:51,256 - engine.poker_game - INFO - random_bot posts small blind: 10
2025-12-10 09:31:51,256 - engine.poker_game - INFO - conservative_bot posts big blind: 20
2025-12-10 09:31:51,256 - engine.poker_game - INFO - 
==============================
--- NEW HAND ---
2025-12-10 09:31:51,256 - engine.poker_game - INFO - Dealer: random_bot
2025-12-10 09:31:51,256 - engine.poker_game - INFO - conservative_bot has PlayerHand(cards=[A♦, 5♠]) (chips: 410)
2025-12-10 09:31:51,256 - engine.poker_game - INFO - random_bot has PlayerHand(cards=[3♠, 2♦]) (chips: 1730)
2025-12-10 09:31:51,256 - engine.poker_game - INFO - 
--- PRE-FLOP BETTING ---
2025-12-10 09:31:51,256 - engine.poker_game - INFO -   random_bot goes all-in for 1730
2025-12-10 09:31:51,256 - engine.poker_game - INFO -   conservative_bot folds
2025-12-10 09:31:51,256 - engine.poker_game - INFO - Community Cards: []
2025-12-10 09:31:51,256 - engine.poker_game - INFO - Pot: 1760
2025-12-10 09:31:51,256 - engine.poker_game - INFO - --------------------
2025-12-10 09:31:51,256 - engine.poker_game - INFO - random_bot wins 1730 from side/main pot
2025-12-10 09:31:51,256 - engine.poker_game - WARNING - Pot logic residual: 30
2025-12-10 09:31:51,257 - tournament_runner - INFO - Hand #42 complete on table 1
2025-12-10 09:31:51,257 - tournament_runner - INFO - Starting hand #43 on table 1
2025-12-10 09:31:51,257 - engine.poker_game - INFO - conservative_bot posts small blind: 10
2025-12-10 09:31:51,257 - engine.poker_game - INFO - random_bot posts big blind: 20
2025-12-10 09:31:51,257 - engine.poker_game - INFO - 
==============================
--- NEW HAND ---
2025-12-10 09:31:51,257 - engine.poker_game - INFO - Dealer: conservative_bot
2025-12-10 09:31:51,257 - engine.poker_game - INFO - conservative_bot has PlayerHand(cards=[J♦, 9♣]) (chips: 400)
2025-12-10 09:31:51,257 - engine.poker_game - INFO - random_bot has PlayerHand(cards=[4♥, 5♦]) (chips: 1740)
2025-12-10 09:31:51,257 - engine.poker_game - INFO - 
--- PRE-FLOP BETTING ---
2025-12-10 09:31:51,257 - engine.poker_game - INFO -   conservative_bot folds
2025-12-10 09:31:51,257 - engine.poker_game - INFO - Community Cards: []
2025-12-10 09:31:51,257 - engine.poker_game - INFO - Pot: 30
2025-12-10 09:31:51,257 - engine.poker_game - INFO - --------------------
2025-12-10 09:31:51,257 - tournament_runner - INFO - Hand #43 complete on table 1
2025-12-10 09:31:51,257 - tournament_runner - INFO - Starting hand #44 on table 1
2025-12-10 09:31:51,258 - engine.poker_game - INFO - random_bot posts small blind: 10
2025-12-10 09:31:51,258 - engine.poker_game - INFO - conservative_bot posts big blind: 20
2025-12-10 09:31:51,258 - engine.poker_game - INFO - 
==============================
--- NEW HAND ---
2025-12-10 09:31:51,258 - engine.poker_game - INFO - Dealer: random_bot
2025-12-10 09:31:51,258 - engine.poker_game - INFO - conservative_bot has PlayerHand(cards=[K♠, 4♥]) (chips: 380)
2025-12-10 09:31:51,258 - engine.poker_game - INFO - random_bot has PlayerHand(cards=[6♠, 9♠]) (chips: 1730)
2025-12-10 09:31:51,258 - engine.poker_game - INFO - 
--- PRE-FLOP BETTING ---
2025-12-10 09:31:51,258 - engine.poker_game - INFO -   random_bot raises to 40
2025-12-10 09:31:51,258 - engine.poker_game - INFO -   conservative_bot folds
2025-12-10 09:31:51,258 - engine.poker_game - INFO - Community Cards: []
2025-12-10 09:31:51,258 - engine.poker_game - INFO - Pot: 60
2025-12-10 09:31:51,258 - engine.poker_game - INFO - --------------------
2025-12-10 09:31:51,258 - engine.poker_game - INFO - random_bot wins 30 from side/main pot
2025-12-10 09:31:51,258 - engine.poker_game - WARNING - Pot logic residual: 30
2025-12-10 09:31:51,258 - tournament_runner - INFO - Hand #44 complete on table 1
2025-12-10 09:31:51,258 - tournament_runner - INFO - Starting hand #45 on table 1
2025-12-10 09:31:51,259 - engine.poker_game - INFO - conservative_bot posts small blind: 10
2025-12-10 09:31:51,259 - engine.poker_game - INFO - random_bot posts big blind: 20
2025-12-10 09:31:51,259 - engine.poker_game - INFO - 
==============================
--- NEW HAND ---
2025-12-10 09:31:51,259 - engine.poker_game - INFO - Dealer: conservative_bot
2025-12-10 09:31:51,259 - engine.poker_game - INFO - conservative_bot has PlayerHand(cards=[9♥, 7♥]) (chips: 370)
2025-12-10 09:31:51,259 - engine.poker_game - INFO - random_bot has PlayerHand(cards=[10♠, 4♣]) (chips: 1740)
2025-12-10 09:31:51,259 - engine.poker_game - INFO - 
--- PRE-FLOP BETTING ---
2025-12-10 09:31:51,259 - engine.poker_game - INFO -   conservative_bot folds
2025-12-10 09:31:51,259 - engine.poker_game - INFO - Community Cards: []
2025-12-10 09:31:51,259 - engine.poker_game - INFO - Pot: 30
2025-12-10 09:31:51,259 - engine.poker_game - INFO - --------------------
2025-12-10 09:31:51,259 - tournament_runner - INFO - Hand #45 complete on table 1
2025-12-10 09:31:51,259 - tournament_runner - INFO - Starting hand #46 on table 1
2025-12-10 09:31:51,259 - engine.poker_game - INFO - random_bot posts small blind: 10
2025-12-10 09:31:51,259 - engine.poker_game - INFO - conservative_bot posts big blind: 20
2025-12-10 09:31:51,259 - engine.poker_game - INFO - 
==============================
--- NEW HAND ---
2025-12-10 09:31:51,259 - engine.poker_game - INFO - Dealer: random_bot
2025-12-10 09:31:51,259 - engine.poker_game - INFO - conservative_bot has PlayerHand(cards=[A♠, K♠]) (chips: 350)
2025-12-10 09:31:51,259 - engine.poker_game - INFO - random_bot has PlayerHand(cards=[A♦, K♦]) (chips: 1730)
2025-12-10 09:31:51,260 - engine.poker_game - INFO - 
--- PRE-FLOP BETTING ---
2025-12-10 09:31:51,260 - engine.poker_game - INFO -   random_bot goes all-in for 1730
2025-12-10 09:31:51,260 - engine.poker_game - INFO -   conservative_bot folds
2025-12-10 09:31:51,260 - engine.poker_game - INFO - Community Cards: []
2025-12-10 09:31:51,260 - engine.poker_game - INFO - Pot: 1760
2025-12-10 09:31:51,260 - engine.poker_game - INFO - --------------------
2025-12-10 09:31:51,260 - engine.poker_game - INFO - random_bot wins 1730 from side/main pot
2025-12-10 09:31:51,260 - engine.poker_game - WARNING - Pot logic residual: 30
2025-12-10 09:31:51,260 - tournament_runner - INFO - Hand #46 complete on table 1
2025-12-10 09:31:51,260 - tournament_runner - INFO - Starting hand #47 on table 1
2025-12-10 09:31:51,260 - engine.poker_game - INFO - conservative_bot posts small blind: 10
2025-12-10 09:31:51,260 - engine.poker_game - INFO - random_bot posts big blind: 20
2025-12-10 09:31:51,260 - engine.poker_game - INFO - 
==============================
--- NEW HAND ---
2025-12-10 09:31:51,260 - engine.poker_game - INFO - Dealer: conservative_bot
2025-12-10 09:31:51,260 - engine.poker_game - INFO - conservative_bot has PlayerHand(cards=[7♥, A♥]) (chips: 340)
2025-12-10 09:31:51,260 - engine.poker_game - INFO - random_bot has PlayerHand(cards=[Q♣, 3♥]) (chips: 1740)
2025-12-10 09:31:51,261 - engine.poker_game - INFO - 
--- PRE-FLOP BETTING ---
2025-12-10 09:31:51,261 - engine.poker_game - INFO -   conservative_bot folds
2025-12-10 09:31:51,261 - engine.poker_game - INFO - Community Cards: []
2025-12-10 09:31:51,261 - engine.poker_game - INFO - Pot: 30
2025-12-10 09:31:51,261 - engine.poker_game - INFO - --------------------
2025-12-10 09:31:51,261 - tournament_runner - INFO - Hand #47 complete on table 1
2025-12-10 09:31:51,261 - tournament_runner - INFO - Starting hand #48 on table 1
2025-12-10 09:31:51,261 - engine.poker_game - INFO - random_bot posts small blind: 10
2025-12-10 09:31:51,261 - engine.poker_game - INFO - conservative_bot posts big blind: 20
2025-12-10 09:31:51,261 - engine.poker_game - INFO - 
==============================
--- NEW HAND ---
2025-12-10 09:31:51,261 - engine.poker_game - INFO - Dealer: random_bot
2025-12-10 09:31:51,261 - engine.poker_game - INFO - conservative_bot has PlayerHand(cards=[Q♠, 6♣]) (chips: 320)
2025-12-10 09:31:51,261 - engine.poker_game - INFO - random_bot has PlayerHand(cards=[K♣, J♣]) (chips: 1730)
2025-12-10 09:31:51,261 - engine.poker_game - INFO - 
--- PRE-FLOP BETTING ---
2025-12-10 09:31:51,261 - engine.poker_game - INFO -   random_bot raises to 41
2025-12-10 09:31:51,261 - engine.poker_game - INFO -   conservative_bot folds
2025-12-10 09:31:51,262 - engine.poker_game - INFO - Community Cards: []
2025-12-10 09:31:51,262 - engine.poker_game - INFO - Pot: 61
2025-12-10 09:31:51,262 - engine.poker_game - INFO - --------------------
2025-12-10 09:31:51,262 - engine.poker_game - INFO - random_bot wins 31 from side/main pot
2025-12-10 09:31:51,262 - engine.poker_game - WARNING - Pot logic residual: 30
2025-12-10 09:31:51,262 - tournament_runner - INFO - Hand #48 complete on table 1
2025-12-10 09:31:51,262 - tournament_runner - INFO - Starting hand #49 on table 1
2025-12-10 09:31:51,262 - engine.poker_game - INFO - conservative_bot posts small blind: 10
2025-12-10 09:31:51,262 - engine.poker_game - INFO - random_bot posts big blind: 20
2025-12-10 09:31:51,262 - engine.poker_game - INFO - 
==============================
--- NEW HAND ---
2025-12-10 09:31:51,262 - engine.poker_game - INFO - Dealer: conservative_bot
2025-12-10 09:31:51,262 - engine.poker_game - INFO - conservative_bot has PlayerHand(cards=[4♦, J♦]) (chips: 310)
2025-12-10 09:31:51,262 - engine.poker_game - INFO - random_bot has PlayerHand(cards=[2♥, 5♣]) (chips: 1740)
2025-12-10 09:31:51,262 - engine.poker_game - INFO - 
--- PRE-FLOP BETTING ---
2025-12-10 09:31:51,262 - engine.poker_game - INFO -   conservative_bot folds
2025-12-10 09:31:51,262 - engine.poker_game - INFO - Community Cards: []
2025-12-10 09:31:51,262 - engine.poker_game - INFO - Pot: 30
2025-12-10 09:31:51,262 - engine.poker_game - INFO - --------------------
2025-12-10 09:31:51,262 - tournament_runner - INFO - Hand #49 complete on table 1
2025-12-10 09:31:51,263 - tournament_runner - INFO - Starting hand #50 on table 1
2025-12-10 09:31:51,263 - engine.poker_game - INFO - random_bot posts small blind: 10
2025-12-10 09:31:51,263 - engine.poker_game - INFO - conservative_bot posts big blind: 20
2025-12-10 09:31:51,263 - engine.poker_game - INFO - 
==============================
--- NEW HAND ---
2025-12-10 09:31:51,263 - engine.poker_game - INFO - Dealer: random_bot
2025-12-10 09:31:51,263 - engine.poker_game - INFO - conservative_bot has PlayerHand(cards=[7♥, 4♣]) (chips: 290)
2025-12-10 09:31:51,263 - engine.poker_game - INFO - random_bot has PlayerHand(cards=[Q♦, Q♥]) (chips: 1730)
2025-12-10 09:31:51,263 - engine.poker_game - INFO - 
--- PRE-FLOP BETTING ---
2025-12-10 09:31:51,263 - engine.poker_game - INFO -   random_bot raises to 44
2025-12-10 09:31:51,263 - engine.poker_game - INFO -   conservative_bot folds
2025-12-10 09:31:51,263 - engine.poker_game - INFO - Community Cards: []
2025-12-10 09:31:51,263 - engine.poker_game - INFO - Pot: 64
2025-12-10 09:31:51,263 - engine.poker_game - INFO - --------------------
2025-12-10 09:31:51,263 - engine.poker_game - INFO - random_bot wins 34 from side/main pot
2025-12-10 09:31:51,264 - engine.poker_game - WARNING - Pot logic residual: 30
2025-12-10 09:31:51,264 - tournament_runner - INFO - Hand #50 complete on table 1
2025-12-10 09:31:51,264 - tournament_runner - INFO - Starting hand #51 on table 1
2025-12-10 09:31:51,264 - engine.poker_game - INFO - conservative_bot posts small blind: 10
2025-12-10 09:31:51,264 - engine.poker_game - INFO - random_bot posts big blind: 20
2025-12-10 09:31:51,264 - engine.poker_game - INFO - 
==============================
--- NEW HAND ---
2025-12-10 09:31:51,264 - engine.poker_game - INFO - Dealer: conservative_bot
2025-12-10 09:31:51,264 - engine.poker_game - INFO - conservative_bot has PlayerHand(cards=[8♥, 10♠]) (chips: 280)
2025-12-10 09:31:51,264 - engine.poker_game - INFO - random_bot has PlayerHand(cards=[3♣, 6♣]) (chips: 1740)
2025-12-10 09:31:51,264 - engine.poker_game - INFO - 
--- PRE-FLOP BETTING ---
2025-12-10 09:31:51,264 - engine.poker_game - INFO -   conservative_bot folds
2025-12-10 09:31:51,264 - engine.poker_game - INFO - Community Cards: []
2025-12-10 09:31:51,264 - engine.poker_game - INFO - Pot: 30
2025-12-10 09:31:51,264 - engine.poker_game - INFO - --------------------
2025-12-10 09:31:51,264 - tournament_runner - INFO - Hand #51 complete on table 1
2025-12-10 09:31:51,264 - tournament_runner - INFO - Starting hand #52 on table 1
2025-12-10 09:31:51,264 - engine.poker_game - INFO - random_bot posts small blind: 10
2025-12-10 09:31:51,265 - engine.poker_game - INFO - conservative_bot posts big blind: 20
2025-12-10 09:31:51,265 - engine.poker_game - INFO - 
==============================
--- NEW HAND ---
2025-12-10 09:31:51,265 - engine.poker_game - INFO - Dealer: random_bot
2025-12-10 09:31:51,265 - engine.poker_game - INFO - conservative_bot has PlayerHand(cards=[10♠, 2♣]) (chips: 260)
2025-12-10 09:31:51,265 - engine.poker_game - INFO - random_bot has PlayerHand(cards=[10♣, 9♣]) (chips: 1730)
2025-12-10 09:31:51,265 - engine.poker_game - INFO - 
--- PRE-FLOP BETTING ---
2025-12-10 09:31:51,265 - engine.poker_game - INFO -   random_bot goes all-in for 1730
2025-12-10 09:31:51,265 - engine.poker_game - INFO -   conservative_bot folds
2025-12-10 09:31:51,265 - engine.poker_game - INFO - Community Cards: []
2025-12-10 09:31:51,265 - engine.poker_game - INFO - Pot: 1760
2025-12-10 09:31:51,265 - engine.poker_game - INFO - --------------------
2025-12-10 09:31:51,265 - engine.poker_game - INFO - random_bot wins 1730 from side/main pot
2025-12-10 09:31:51,265 - engine.poker_game - WARNING - Pot logic residual: 30
2025-12-10 09:31:51,266 - tournament_runner - INFO - Hand #52 complete on table 1
2025-12-10 09:31:51,266 - tournament_runner - INFO - Starting hand #53 on table 1
2025-12-10 09:31:51,266 - engine.poker_game - INFO - conservative_bot posts small blind: 10
2025-12-10 09:31:51,266 - engine.poker_game - INFO - random_bot posts big blind: 20
2025-12-10 09:31:51,266 - engine.poker_game - INFO - 
==============================
--- NEW HAND ---
2025-12-10 09:31:51,266 - engine.poker_game - INFO - Dealer: conservative_bot
2025-12-10 09:31:51,266 - engine.poker_game - INFO - conservative_bot has PlayerHand(cards=[6♦, Q♣]) (chips: 250)
2025-12-10 09:31:51,266 - engine.poker_game - INFO - random_bot has PlayerHand(cards=[7♠, A♠]) (chips: 1740)
2025-12-10 09:31:51,266 - engine.poker_game - INFO - 
--- PRE-FLOP BETTING ---
2025-12-10 09:31:51,266 - engine.poker_game - INFO -   conservative_bot folds
2025-12-10 09:31:51,266 - engine.poker_game - INFO - Community Cards: []
2025-12-10 09:31:51,266 - engine.poker_game - INFO - Pot: 30
2025-12-10 09:31:51,266 - engine.poker_game - INFO - --------------------
2025-12-10 09:31:51,267 - tournament_runner - INFO - Hand #53 complete on table 1
2025-12-10 09:31:51,267 - tournament_runner - INFO - Starting hand #54 on table 1
2025-12-10 09:31:51,267 - engine.poker_game - INFO - random_bot posts small blind: 10
2025-12-10 09:31:51,267 - engine.poker_game - INFO - conservative_bot posts big blind: 20
2025-12-10 09:31:51,267 - engine.poker_game - INFO - 
==============================
--- NEW HAND ---
2025-12-10 09:31:51,267 - engine.poker_game - INFO - Dealer: random_bot
2025-12-10 09:31:51,267 - engine.poker_game - INFO - conservative_bot has PlayerHand(cards=[8♠, 6♣]) (chips: 230)
2025-12-10 09:31:51,267 - engine.poker_game - INFO - random_bot has PlayerHand(cards=[A♣, 5♦]) (chips: 1730)
2025-12-10 09:31:51,267 - engine.poker_game - INFO - 
--- PRE-FLOP BETTING ---
2025-12-10 09:31:51,267 - engine.poker_game - INFO -   random_bot folds
2025-12-10 09:31:51,267 - engine.poker_game - INFO - Community Cards: []
2025-12-10 09:31:51,267 - engine.poker_game - INFO - Pot: 30
2025-12-10 09:31:51,267 - engine.poker_game - INFO - --------------------
2025-12-10 09:31:51,268 - tournament_runner - INFO - Hand #54 complete on table 1
2025-12-10 09:31:51,268 - tournament_runner - INFO - Starting hand #55 on table 1
2025-12-10 09:31:51,268 - engine.poker_game - INFO - conservative_bot posts small blind: 10
2025-12-10 09:31:51,268 - engine.poker_game - INFO - random_bot posts big blind: 20
2025-12-10 09:31:51,268 - engine.poker_game - INFO - 
==============================
--- NEW HAND ---
2025-12-10 09:31:51,268 - engine.poker_game - INFO - Dealer: conservative_bot
2025-12-10 09:31:51,268 - engine.poker_game - INFO - conservative_bot has PlayerHand(cards=[8♠, 8♣]) (chips: 220)
2025-12-10 09:31:51,268 - engine.poker_game - INFO - random_bot has PlayerHand(cards=[5♦, K♦]) (chips: 1710)
2025-12-10 09:31:51,268 - engine.poker_game - INFO - 
--- PRE-FLOP BETTING ---
2025-12-10 09:31:51,268 - engine.poker_game - INFO -   conservative_bot folds
2025-12-10 09:31:51,268 - engine.poker_game - INFO - Community Cards: []
2025-12-10 09:31:51,268 - engine.poker_game - INFO - Pot: 30
2025-12-10 09:31:51,268 - engine.poker_game - INFO - --------------------
2025-12-10 09:31:51,268 - tournament_runner - INFO - Hand #55 complete on table 1
2025-12-10 09:31:51,268 - tournament_runner - INFO - Starting hand #56 on table 1
2025-12-10 09:31:51,268 - engine.poker_game - INFO - random_bot posts small blind: 10
2025-12-10 09:31:51,269 - engine.poker_game - INFO - conservative_bot posts big blind: 20
2025-12-10 09:31:51,269 - engine.poker_game - INFO - 
==============================
--- NEW HAND ---
2025-12-10 09:31:51,269 - engine.poker_game - INFO - Dealer: random_bot
2025-12-10 09:31:51,269 - engine.poker_game - INFO - conservative_bot has PlayerHand(cards=[J♥, 5♦]) (chips: 200)
2025-12-10 09:31:51,269 - engine.poker_game - INFO - random_bot has PlayerHand(cards=[3♥, 10♠]) (chips: 1700)
2025-12-10 09:31:51,269 - engine.poker_game - INFO - 
--- PRE-FLOP BETTING ---
2025-12-10 09:31:51,269 - engine.poker_game - INFO -   random_bot calls 10
2025-12-10 09:31:51,269 - engine.poker_game - INFO -   conservative_bot folds
2025-12-10 09:31:51,269 - engine.poker_game - INFO - Community Cards: []
2025-12-10 09:31:51,269 - engine.poker_game - INFO - Pot: 40
2025-12-10 09:31:51,269 - engine.poker_game - INFO - --------------------
2025-12-10 09:31:51,269 - engine.poker_game - INFO - random_bot wins 10 from side/main pot
2025-12-10 09:31:51,269 - engine.poker_game - WARNING - Pot logic residual: 30
2025-12-10 09:31:51,269 - tournament_runner - INFO - Hand #56 complete on table 1
2025-12-10 09:31:51,269 - tournament_runner - INFO - Starting hand #57 on table 1
2025-12-10 09:31:51,269 - engine.poker_game - INFO - conservative_bot posts small blind: 10
2025-12-10 09:31:51,269 - engine.poker_game - INFO - random_bot posts big blind: 20
2025-12-10 09:31:51,269 - engine.poker_game - INFO - 
==============================
--- NEW HAND ---
2025-12-10 09:31:51,269 - engine.poker_game - INFO - Dealer: conservative_bot
2025-12-10 09:31:51,270 - engine.poker_game - INFO - conservative_bot has PlayerHand(cards=[10♦, 3♥]) (chips: 190)
2025-12-10 09:31:51,270 - engine.poker_game - INFO - random_bot has PlayerHand(cards=[7♣, 7♠]) (chips: 1710)
2025-12-10 09:31:51,270 - engine.poker_game - INFO - 
--- PRE-FLOP BETTING ---
2025-12-10 09:31:51,270 - engine.poker_game - INFO -   conservative_bot folds
2025-12-10 09:31:51,270 - engine.poker_game - INFO - Community Cards: []
2025-12-10 09:31:51,270 - engine.poker_game - INFO - Pot: 30
2025-12-10 09:31:51,270 - engine.poker_game - INFO - --------------------
2025-12-10 09:31:51,270 - tournament_runner - INFO - Hand #57 complete on table 1
2025-12-10 09:31:51,270 - tournament_runner - INFO - Starting hand #58 on table 1
2025-12-10 09:31:51,270 - engine.poker_game - INFO - random_bot posts small blind: 10
2025-12-10 09:31:51,271 - engine.poker_game - INFO - conservative_bot posts big blind: 20
2025-12-10 09:31:51,271 - engine.poker_game - INFO - 
==============================
--- NEW HAND ---
2025-12-10 09:31:51,271 - engine.poker_game - INFO - Dealer: random_bot
2025-12-10 09:31:51,271 - engine.poker_game - INFO - conservative_bot has PlayerHand(cards=[J♥, Q♥]) (chips: 170)
2025-12-10 09:31:51,271 - engine.poker_game - INFO - random_bot has PlayerHand(cards=[4♠, K♥]) (chips: 1700)
2025-12-10 09:31:51,271 - engine.poker_game - INFO - 
--- PRE-FLOP BETTING ---
2025-12-10 09:31:51,271 - engine.poker_game - INFO -   random_bot folds
2025-12-10 09:31:51,271 - engine.poker_game - INFO - Community Cards: []
2025-12-10 09:31:51,271 - engine.poker_game - INFO - Pot: 30
2025-12-10 09:31:51,271 - engine.poker_game - INFO - --------------------
2025-12-10 09:31:51,271 - tournament_runner - INFO - Hand #58 complete on table 1
2025-12-10 09:31:51,271 - tournament_runner - INFO - Starting hand #59 on table 1
2025-12-10 09:31:51,271 - engine.poker_game - INFO - conservative_bot posts small blind: 10
2025-12-10 09:31:51,271 - engine.poker_game - INFO - random_bot posts big blind: 20
2025-12-10 09:31:51,271 - engine.poker_game - INFO - 
==============================
--- NEW HAND ---
2025-12-10 09:31:51,271 - engine.poker_game - INFO - Dealer: conservative_bot
2025-12-10 09:31:51,271 - engine.poker_game - INFO - conservative_bot has PlayerHand(cards=[8♣, 5♣]) (chips: 160)
2025-12-10 09:31:51,272 - engine.poker_game - INFO - random_bot has PlayerHand(cards=[A♥, A♠]) (chips: 1680)
2025-12-10 09:31:51,272 - engine.poker_game - INFO - 
--- PRE-FLOP BETTING ---
2025-12-10 09:31:51,272 - engine.poker_game - INFO -   conservative_bot folds
2025-12-10 09:31:51,272 - engine.poker_game - INFO - Community Cards: []
2025-12-10 09:31:51,272 - engine.poker_game - INFO - Pot: 30
2025-12-10 09:31:51,272 - engine.poker_game - INFO - --------------------
2025-12-10 09:31:51,272 - tournament_runner - INFO - Hand #59 complete on table 1
2025-12-10 09:31:51,272 - tournament_runner - INFO - Starting hand #60 on table 1
2025-12-10 09:31:51,272 - engine.poker_game - INFO - random_bot posts small blind: 10
2025-12-10 09:31:51,272 - engine.poker_game - INFO - conservative_bot posts big blind: 20
2025-12-10 09:31:51,272 - engine.poker_game - INFO - 
==============================
--- NEW HAND ---
2025-12-10 09:31:51,272 - engine.poker_game - INFO - Dealer: random_bot
2025-12-10 09:31:51,272 - engine.poker_game - INFO - conservative_bot has PlayerHand(cards=[6♥, 4♠]) (chips: 140)
2025-12-10 09:31:51,272 - engine.poker_game - INFO - random_bot has PlayerHand(cards=[Q♣, K♥]) (chips: 1670)
2025-12-10 09:31:51,272 - engine.poker_game - INFO - 
--- PRE-FLOP BETTING ---
2025-12-10 09:31:51,272 - engine.poker_game - INFO -   random_bot folds
2025-12-10 09:31:51,272 - engine.poker_game - INFO - Community Cards: []
2025-12-10 09:31:51,272 - engine.poker_game - INFO - Pot: 30
2025-12-10 09:31:51,273 - engine.poker_game - INFO - --------------------
2025-12-10 09:31:51,273 - tournament_runner - INFO - Hand #60 complete on table 1
2025-12-10 09:31:51,273 - tournament_runner - INFO - Starting hand #61 on table 1
2025-12-10 09:31:51,273 - engine.poker_game - INFO - conservative_bot posts small blind: 10
2025-12-10 09:31:51,273 - engine.poker_game - INFO - random_bot posts big blind: 20
2025-12-10 09:31:51,273 - engine.poker_game - INFO - 
==============================
--- NEW HAND ---
2025-12-10 09:31:51,273 - engine.poker_game - INFO - Dealer: conservative_bot
2025-12-10 09:31:51,273 - engine.poker_game - INFO - conservative_bot has PlayerHand(cards=[5♦, K♠]) (chips: 130)
2025-12-10 09:31:51,273 - engine.poker_game - INFO - random_bot has PlayerHand(cards=[7♠, 6♠]) (chips: 1650)
2025-12-10 09:31:51,273 - engine.poker_game - INFO - 
--- PRE-FLOP BETTING ---
2025-12-10 09:31:51,273 - engine.poker_game - INFO -   conservative_bot folds
2025-12-10 09:31:51,273 - engine.poker_game - INFO - Community Cards: []
2025-12-10 09:31:51,274 - engine.poker_game - INFO - Pot: 30
2025-12-10 09:31:51,274 - engine.poker_game - INFO - --------------------
2025-12-10 09:31:51,274 - tournament_runner - INFO - Hand #61 complete on table 1
2025-12-10 09:31:51,274 - tournament_runner - INFO - Starting hand #62 on table 1
2025-12-10 09:31:51,274 - engine.poker_game - INFO - random_bot posts small blind: 10
2025-12-10 09:31:51,274 - engine.poker_game - INFO - conservative_bot posts big blind: 20
2025-12-10 09:31:51,274 - engine.poker_game - INFO - 
==============================
--- NEW HAND ---
2025-12-10 09:31:51,274 - engine.poker_game - INFO - Dealer: random_bot
2025-12-10 09:31:51,274 - engine.poker_game - INFO - conservative_bot has PlayerHand(cards=[Q♠, 7♠]) (chips: 110)
2025-12-10 09:31:51,274 - engine.poker_game - INFO - random_bot has PlayerHand(cards=[5♥, 10♠]) (chips: 1640)
2025-12-10 09:31:51,274 - engine.poker_game - INFO - 
--- PRE-FLOP BETTING ---
2025-12-10 09:31:51,274 - engine.poker_game - INFO -   random_bot goes all-in for 1640
2025-12-10 09:31:51,274 - engine.poker_game - INFO -   conservative_bot folds
2025-12-10 09:31:51,274 - engine.poker_game - INFO - Community Cards: []
2025-12-10 09:31:51,274 - engine.poker_game - INFO - Pot: 1670
2025-12-10 09:31:51,274 - engine.poker_game - INFO - --------------------
2025-12-10 09:31:51,274 - engine.poker_game - INFO - random_bot wins 1640 from side/main pot
2025-12-10 09:31:51,275 - engine.poker_game - WARNING - Pot logic residual: 30
2025-12-10 09:31:51,275 - tournament_runner - INFO - Hand #62 complete on table 1
2025-12-10 09:31:51,275 - tournament_runner - INFO - Starting hand #63 on table 1
2025-12-10 09:31:51,275 - engine.poker_game - INFO - conservative_bot posts small blind: 10
2025-12-10 09:31:51,275 - engine.poker_game - INFO - random_bot posts big blind: 20
2025-12-10 09:31:51,275 - engine.poker_game - INFO - 
==============================
--- NEW HAND ---
2025-12-10 09:31:51,275 - engine.poker_game - INFO - Dealer: conservative_bot
2025-12-10 09:31:51,275 - engine.poker_game - INFO - conservative_bot has PlayerHand(cards=[8♠, 5♦]) (chips: 100)
2025-12-10 09:31:51,275 - engine.poker_game - INFO - random_bot has PlayerHand(cards=[K♥, 4♦]) (chips: 1650)
2025-12-10 09:31:51,275 - engine.poker_game - INFO - 
--- PRE-FLOP BETTING ---
2025-12-10 09:31:51,275 - engine.poker_game - INFO -   conservative_bot folds
2025-12-10 09:31:51,275 - engine.poker_game - INFO - Community Cards: []
2025-12-10 09:31:51,275 - engine.poker_game - INFO - Pot: 30
2025-12-10 09:31:51,275 - engine.poker_game - INFO - --------------------
2025-12-10 09:31:51,275 - tournament_runner - INFO - Hand #63 complete on table 1
2025-12-10 09:31:51,275 - tournament_runner - INFO - Starting hand #64 on table 1
2025-12-10 09:31:51,275 - engine.poker_game - INFO - random_bot posts small blind: 10
2025-12-10 09:31:51,275 - engine.poker_game - INFO - conservative_bot posts big blind: 20
2025-12-10 09:31:51,276 - engine.poker_game - INFO - 
==============================
--- NEW HAND ---
2025-12-10 09:31:51,276 - engine.poker_game - INFO - Dealer: random_bot
2025-12-10 09:31:51,276 - engine.poker_game - INFO - conservative_bot has PlayerHand(cards=[9♥, 10♥]) (chips: 80)
2025-12-10 09:31:51,276 - engine.poker_game - INFO - random_bot has PlayerHand(cards=[8♦, 5♦]) (chips: 1640)
2025-12-10 09:31:51,276 - engine.poker_game - INFO - 
--- PRE-FLOP BETTING ---
2025-12-10 09:31:51,276 - engine.poker_game - INFO -   random_bot folds
2025-12-10 09:31:51,276 - engine.poker_game - INFO - Community Cards: []
2025-12-10 09:31:51,276 - engine.poker_game - INFO - Pot: 30
2025-12-10 09:31:51,276 - engine.poker_game - INFO - --------------------
2025-12-10 09:31:51,276 - tournament_runner - INFO - Hand #64 complete on table 1
2025-12-10 09:31:51,276 - tournament_runner - INFO - Starting hand #65 on table 1
2025-12-10 09:31:51,277 - engine.poker_game - INFO - conservative_bot posts small blind: 10
2025-12-10 09:31:51,277 - engine.poker_game - INFO - random_bot posts big blind: 20
2025-12-10 09:31:51,277 - engine.poker_game - INFO - 
==============================
--- NEW HAND ---
2025-12-10 09:31:51,277 - engine.poker_game - INFO - Dealer: conservative_bot
2025-12-10 09:31:51,277 - engine.poker_game - INFO - conservative_bot has PlayerHand(cards=[10♦, 10♠]) (chips: 70)
2025-12-10 09:31:51,277 - engine.poker_game - INFO - random_bot has PlayerHand(cards=[8♥, 3♣]) (chips: 1620)
2025-12-10 09:31:51,277 - engine.poker_game - INFO - 
--- PRE-FLOP BETTING ---
2025-12-10 09:31:51,277 - engine.poker_game - INFO -   conservative_bot raises to 40
2025-12-10 09:31:51,277 - engine.poker_game - INFO -   random_bot folds
2025-12-10 09:31:51,277 - engine.poker_game - INFO - Community Cards: []
2025-12-10 09:31:51,277 - engine.poker_game - INFO - Pot: 60
2025-12-10 09:31:51,277 - engine.poker_game - INFO - --------------------
2025-12-10 09:31:51,277 - engine.poker_game - INFO - conservative_bot wins 30 from side/main pot
2025-12-10 09:31:51,277 - engine.poker_game - WARNING - Pot logic residual: 30
2025-12-10 09:31:51,277 - tournament_runner - INFO - Hand #65 complete on table 1
2025-12-10 09:31:51,278 - tournament_runner - INFO - Starting hand #66 on table 1
2025-12-10 09:31:51,278 - engine.poker_game - INFO - random_bot posts small blind: 10
2025-12-10 09:31:51,278 - engine.poker_game - INFO - conservative_bot posts big blind: 20
2025-12-10 09:31:51,278 - engine.poker_game - INFO - 
==============================
--- NEW HAND ---
2025-12-10 09:31:51,278 - engine.poker_game - INFO - Dealer: random_bot
2025-12-10 09:31:51,278 - engine.poker_game - INFO - conservative_bot has PlayerHand(cards=[A♦, 9♣]) (chips: 80)
2025-12-10 09:31:51,278 - engine.poker_game - INFO - random_bot has PlayerHand(cards=[Q♥, 6♣]) (chips: 1610)
2025-12-10 09:31:51,278 - engine.poker_game - INFO - 
--- PRE-FLOP BETTING ---
2025-12-10 09:31:51,278 - engine.poker_game - INFO -   random_bot folds
2025-12-10 09:31:51,278 - engine.poker_game - INFO - Community Cards: []
2025-12-10 09:31:51,278 - engine.poker_game - INFO - Pot: 30
2025-12-10 09:31:51,278 - engine.poker_game - INFO - --------------------
2025-12-10 09:31:51,278 - tournament_runner - INFO - Hand #66 complete on table 1
2025-12-10 09:31:51,278 - tournament_runner - INFO - Starting hand #67 on table 1
2025-12-10 09:31:51,278 - engine.poker_game - INFO - conservative_bot posts small blind: 10
2025-12-10 09:31:51,278 - engine.poker_game - INFO - random_bot posts big blind: 20
2025-12-10 09:31:51,278 - engine.poker_game - INFO - 
==============================
--- NEW HAND ---
2025-12-10 09:31:51,279 - engine.poker_game - INFO - Dealer: conservative_bot
2025-12-10 09:31:51,279 - engine.poker_game - INFO - conservative_bot has PlayerHand(cards=[5♣, A♣]) (chips: 70)
2025-12-10 09:31:51,279 - engine.poker_game - INFO - random_bot has PlayerHand(cards=[2♣, 7♣]) (chips: 1590)
2025-12-10 09:31:51,279 - engine.poker_game - INFO - 
--- PRE-FLOP BETTING ---
2025-12-10 09:31:51,279 - engine.poker_game - INFO -   conservative_bot folds
2025-12-10 09:31:51,279 - engine.poker_game - INFO - Community Cards: []
2025-12-10 09:31:51,279 - engine.poker_game - INFO - Pot: 30
2025-12-10 09:31:51,279 - engine.poker_game - INFO - --------------------
2025-12-10 09:31:51,279 - tournament_runner - INFO - Hand #67 complete on table 1
2025-12-10 09:31:51,279 - tournament_runner - INFO - Starting hand #68 on table 1
2025-12-10 09:31:51,279 - engine.poker_game - INFO - random_bot posts small blind: 10
2025-12-10 09:31:51,279 - engine.poker_game - INFO - conservative_bot posts big blind: 20
2025-12-10 09:31:51,279 - engine.poker_game - INFO - 
==============================
--- NEW HAND ---
2025-12-10 09:31:51,280 - engine.poker_game - INFO - Dealer: random_bot
2025-12-10 09:31:51,280 - engine.poker_game - INFO - conservative_bot has PlayerHand(cards=[5♣, 7♦]) (chips: 50)
2025-12-10 09:31:51,280 - engine.poker_game - INFO - random_bot has PlayerHand(cards=[J♠, J♦]) (chips: 1580)
2025-12-10 09:31:51,280 - engine.poker_game - INFO - 
--- PRE-FLOP BETTING ---
2025-12-10 09:31:51,280 - engine.poker_game - INFO -   random_bot folds
2025-12-10 09:31:51,280 - engine.poker_game - INFO - Community Cards: []
2025-12-10 09:31:51,280 - engine.poker_game - INFO - Pot: 30
2025-12-10 09:31:51,280 - engine.poker_game - INFO - --------------------
2025-12-10 09:31:51,280 - tournament_runner - INFO - Hand #68 complete on table 1
2025-12-10 09:31:51,280 - tournament_runner - INFO - Starting hand #69 on table 1
2025-12-10 09:31:51,280 - engine.poker_game - INFO - conservative_bot posts small blind: 10
2025-12-10 09:31:51,280 - engine.poker_game - INFO - random_bot posts big blind: 20
2025-12-10 09:31:51,281 - engine.poker_game - INFO - 
==============================
--- NEW HAND ---
2025-12-10 09:31:51,281 - engine.poker_game - INFO - Dealer: conservative_bot
2025-12-10 09:31:51,281 - engine.poker_game - INFO - conservative_bot has PlayerHand(cards=[8♣, 6♠]) (chips: 40)
2025-12-10 09:31:51,281 - engine.poker_game - INFO - random_bot has PlayerHand(cards=[7♦, 3♥]) (chips: 1560)
2025-12-10 09:31:51,281 - engine.poker_game - INFO - 
--- PRE-FLOP BETTING ---
2025-12-10 09:31:51,281 - engine.poker_game - INFO -   conservative_bot folds
2025-12-10 09:31:51,281 - engine.poker_game - INFO - Community Cards: []
2025-12-10 09:31:51,281 - engine.poker_game - INFO - Pot: 30
2025-12-10 09:31:51,281 - engine.poker_game - INFO - --------------------
2025-12-10 09:31:51,281 - tournament_runner - INFO - Hand #69 complete on table 1
2025-12-10 09:31:51,281 - tournament_runner - INFO - Starting hand #70 on table 1
2025-12-10 09:31:51,281 - engine.poker_game - INFO - random_bot posts small blind: 10
2025-12-10 09:31:51,281 - engine.poker_game - INFO - conservative_bot posts big blind: 20
2025-12-10 09:31:51,281 - engine.poker_game - INFO - 
==============================
--- NEW HAND ---
2025-12-10 09:31:51,281 - engine.poker_game - INFO - Dealer: random_bot
2025-12-10 09:31:51,281 - engine.poker_game - INFO - conservative_bot has PlayerHand(cards=[5♦, 3♦]) (chips: 20)
2025-12-10 09:31:51,281 - engine.poker_game - INFO - random_bot has PlayerHand(cards=[9♣, 3♠]) (chips: 1550)
2025-12-10 09:31:51,282 - engine.poker_game - INFO - 
--- PRE-FLOP BETTING ---
2025-12-10 09:31:51,282 - engine.poker_game - INFO -   random_bot calls 10
2025-12-10 09:31:51,282 - engine.poker_game - INFO -   conservative_bot folds
2025-12-10 09:31:51,282 - engine.poker_game - INFO - Community Cards: []
2025-12-10 09:31:51,282 - engine.poker_game - INFO - Pot: 40
2025-12-10 09:31:51,282 - engine.poker_game - INFO - --------------------
2025-12-10 09:31:51,282 - engine.poker_game - INFO - random_bot wins 10 from side/main pot
2025-12-10 09:31:51,282 - engine.poker_game - WARNING - Pot logic residual: 30
2025-12-10 09:31:51,282 - tournament_runner - INFO - Hand #70 complete on table 1
2025-12-10 09:31:51,282 - tournament_runner - INFO - Starting hand #71 on table 1
2025-12-10 09:31:51,282 - engine.poker_game - INFO - conservative_bot posts small blind: 10
2025-12-10 09:31:51,282 - engine.poker_game - INFO - random_bot posts big blind: 20
2025-12-10 09:31:51,282 - engine.poker_game - INFO - 
==============================
--- NEW HAND ---
2025-12-10 09:31:51,283 - engine.poker_game - INFO - Dealer: conservative_bot
2025-12-10 09:31:51,283 - engine.poker_game - INFO - conservative_bot has PlayerHand(cards=[Q♥, 3♠]) (chips: 10)
2025-12-10 09:31:51,283 - engine.poker_game - INFO - random_bot has PlayerHand(cards=[J♣, A♥]) (chips: 1560)
2025-12-10 09:31:51,283 - engine.poker_game - INFO - 
--- PRE-FLOP BETTING ---
2025-12-10 09:31:51,283 - engine.poker_game - INFO -   conservative_bot folds
2025-12-10 09:31:51,283 - engine.poker_game - INFO - Community Cards: []
2025-12-10 09:31:51,283 - engine.poker_game - INFO - Pot: 30
2025-12-10 09:31:51,283 - engine.poker_game - INFO - --------------------
2025-12-10 09:31:51,283 - tournament_runner - INFO - Hand #71 complete on table 1
2025-12-10 09:31:51,283 - tournament_runner - INFO - Starting hand #72 on table 1
2025-12-10 09:31:51,283 - engine.poker_game - INFO - random_bot posts small blind: 10
2025-12-10 09:31:51,283 - engine.poker_game - INFO - conservative_bot posts big blind: 10
2025-12-10 09:31:51,283 - engine.poker_game - INFO - 
==============================
--- NEW HAND ---
2025-12-10 09:31:51,284 - engine.poker_game - INFO - Dealer: random_bot
2025-12-10 09:31:51,284 - engine.poker_game - INFO - conservative_bot has PlayerHand(cards=[2♣, 7♣]) (chips: 0)
2025-12-10 09:31:51,284 - engine.poker_game - INFO - random_bot has PlayerHand(cards=[5♠, 10♦]) (chips: 1550)
2025-12-10 09:31:51,284 - engine.poker_game - INFO - 
--- PRE-FLOP BETTING ---
2025-12-10 09:31:51,284 - engine.poker_game - INFO -   random_bot folds
2025-12-10 09:31:51,284 - engine.poker_game - INFO - Community Cards: []
2025-12-10 09:31:51,284 - engine.poker_game - INFO - Pot: 20
2025-12-10 09:31:51,284 - engine.poker_game - INFO - --------------------
2025-12-10 09:31:51,284 - tournament.table_1 - INFO - Player conservative_bot eliminated from table 1 on hand 71
2025-12-10 09:31:51,284 - tournament - INFO - Player conservative_bot eliminated in position 2
2025-12-10 09:31:51,284 - tournament - INFO - Tournament complete! Winner: random_bot
2025-12-10 09:31:51,284 - tournament_runner - INFO - Hand #72 complete on table 1
2025-12-10 09:31:51,286 - tournament_runner - INFO - Tournament results saved to logs\results_20251210_093151.json
